2018-01-26 20:40:25 [scrapy.utils.log] INFO: Scrapy 1.4.0 started (bot: cp_plan)
2018-01-26 20:40:25 [scrapy.utils.log] INFO: Overridden settings: {'BOT_NAME': 'cp_plan', 'DOWNLOAD_DELAY': 1.5, 'FEED_EXPORT_ENCODING': 'utf-8', 'LOG_FILE': 'logs\\cp_plan\\pk10\\06d832a2029611e8af1c089e01bd501c.log', 'NEWSPIDER_MODULE': 'cp_plan.spiders', 'SPIDER_MODULES': ['cp_plan.spiders']}
2018-01-26 20:40:26 [scrapy.middleware] INFO: Enabled extensions:
['scrapy.extensions.corestats.CoreStats',
 'scrapy.extensions.telnet.TelnetConsole',
 'scrapy.extensions.logstats.LogStats']
2018-01-26 20:40:26 [scrapy.middleware] INFO: Enabled downloader middlewares:
['scrapy.downloadermiddlewares.httpauth.HttpAuthMiddleware',
 'scrapy.downloadermiddlewares.downloadtimeout.DownloadTimeoutMiddleware',
 'scrapy.downloadermiddlewares.defaultheaders.DefaultHeadersMiddleware',
 'scrapy.downloadermiddlewares.useragent.UserAgentMiddleware',
 'cp_plan.middlewares.RandomUserAgent',
 'scrapy.downloadermiddlewares.retry.RetryMiddleware',
 'scrapy.downloadermiddlewares.redirect.MetaRefreshMiddleware',
 'scrapy.downloadermiddlewares.httpcompression.HttpCompressionMiddleware',
 'scrapy.downloadermiddlewares.redirect.RedirectMiddleware',
 'scrapy.downloadermiddlewares.cookies.CookiesMiddleware',
 'scrapy.downloadermiddlewares.httpproxy.HttpProxyMiddleware',
 'scrapy.downloadermiddlewares.stats.DownloaderStats']
2018-01-26 20:40:26 [scrapy.middleware] INFO: Enabled spider middlewares:
['scrapy.spidermiddlewares.httperror.HttpErrorMiddleware',
 'scrapy.spidermiddlewares.offsite.OffsiteMiddleware',
 'scrapy.spidermiddlewares.referer.RefererMiddleware',
 'scrapy.spidermiddlewares.urllength.UrlLengthMiddleware',
 'scrapy.spidermiddlewares.depth.DepthMiddleware']
2018-01-26 20:40:26 [scrapy.middleware] INFO: Enabled item pipelines:
['cp_plan.pipelines.CpPlanPipeline']
2018-01-26 20:40:26 [scrapy.core.engine] INFO: Spider opened
2018-01-26 20:40:26 [scrapy.extensions.logstats] INFO: Crawled 0 pages (at 0 pages/min), scraped 0 items (at 0 items/min)
2018-01-26 20:40:26 [scrapy.extensions.telnet] DEBUG: Telnet console listening on 127.0.0.1:6026
2018-01-26 20:40:26 [scrapy.core.engine] DEBUG: Crawled (200) <GET http://56070.la/json/pk10.json> (referer: None)
2018-01-26 20:40:33 [scrapy.core.engine] DEBUG: Crawled (200) <GET http://56070.la/json/pk10.json> (referer: http://56070.la/json/pk10.json)
2018-01-26 20:40:39 [scrapy.core.engine] DEBUG: Crawled (200) <GET http://56070.la/json/pk10.json> (referer: http://56070.la/json/pk10.json)
2018-01-26 20:40:46 [scrapy.core.engine] DEBUG: Crawled (200) <GET http://56070.la/json/pk10.json> (referer: http://56070.la/json/pk10.json)
2018-01-26 20:40:53 [scrapy.core.engine] DEBUG: Crawled (200) <GET http://56070.la/json/pk10.json> (referer: http://56070.la/json/pk10.json)
2018-01-26 20:41:00 [scrapy.core.engine] DEBUG: Crawled (200) <GET http://56070.la/json/pk10.json> (referer: http://56070.la/json/pk10.json)
2018-01-26 20:41:07 [scrapy.core.engine] DEBUG: Crawled (200) <GET http://56070.la/json/pk10.json> (referer: http://56070.la/json/pk10.json)
2018-01-26 20:41:13 [scrapy.core.engine] DEBUG: Crawled (200) <GET http://56070.la/json/pk10.json> (referer: http://56070.la/json/pk10.json)
2018-01-26 20:41:20 [scrapy.core.engine] DEBUG: Crawled (200) <GET http://56070.la/json/pk10.json> (referer: http://56070.la/json/pk10.json)
2018-01-26 20:41:27 [scrapy.extensions.logstats] INFO: Crawled 9 pages (at 9 pages/min), scraped 0 items (at 0 items/min)
2018-01-26 20:41:27 [scrapy.core.engine] DEBUG: Crawled (200) <GET http://56070.la/json/pk10.json> (referer: http://56070.la/json/pk10.json)
2018-01-26 20:41:34 [scrapy.core.engine] DEBUG: Crawled (200) <GET http://56070.la/json/pk10.json> (referer: http://56070.la/json/pk10.json)
2018-01-26 20:41:41 [scrapy.core.engine] DEBUG: Crawled (200) <GET http://56070.la/json/pk10.json> (referer: http://56070.la/json/pk10.json)
2018-01-26 20:41:47 [scrapy.core.engine] DEBUG: Crawled (200) <GET http://56070.la/json/pk10.json> (referer: http://56070.la/json/pk10.json)
2018-01-26 20:41:54 [scrapy.core.engine] DEBUG: Crawled (200) <GET http://56070.la/json/pk10.json> (referer: http://56070.la/json/pk10.json)
2018-01-26 20:42:01 [scrapy.core.engine] DEBUG: Crawled (200) <GET http://56070.la/json/pk10.json> (referer: http://56070.la/json/pk10.json)
2018-01-26 20:42:08 [scrapy.core.engine] DEBUG: Crawled (200) <GET http://56070.la/json/pk10.json> (referer: http://56070.la/json/pk10.json)
2018-01-27 09:11:05 [scrapy.extensions.logstats] INFO: Crawled 16 pages (at 7 pages/min), scraped 0 items (at 0 items/min)
2018-01-27 09:11:06 [scrapy.downloadermiddlewares.retry] DEBUG: Retrying <GET http://56070.la/json/pk10.json> (failed 1 times): An error occurred while connecting: 10065: 套接字操作尝试一个无法连接的主机。.
2018-01-27 09:11:07 [scrapy.downloadermiddlewares.retry] DEBUG: Retrying <GET http://56070.la/json/pk10.json> (failed 2 times): An error occurred while connecting: 10065: 套接字操作尝试一个无法连接的主机。.
2018-01-27 09:11:09 [scrapy.downloadermiddlewares.retry] DEBUG: Gave up retrying <GET http://56070.la/json/pk10.json> (failed 3 times): An error occurred while connecting: 10065: 套接字操作尝试一个无法连接的主机。.
2018-01-27 09:11:09 [scrapy.core.scraper] ERROR: Error downloading <GET http://56070.la/json/pk10.json>
Traceback (most recent call last):
  File "c:\users\hongchao\appdata\local\programs\python\python36\lib\site-packages\twisted\internet\defer.py", line 1384, in _inlineCallbacks
    result = result.throwExceptionIntoGenerator(g)
  File "c:\users\hongchao\appdata\local\programs\python\python36\lib\site-packages\twisted\python\failure.py", line 393, in throwExceptionIntoGenerator
    return g.throw(self.type, self.value, self.tb)
  File "c:\users\hongchao\appdata\local\programs\python\python36\lib\site-packages\scrapy\core\downloader\middleware.py", line 43, in process_request
    defer.returnValue((yield download_func(request=request,spider=spider)))
twisted.internet.error.ConnectError: An error occurred while connecting: 10065: 套接字操作尝试一个无法连接的主机。.
2018-01-27 09:11:09 [scrapy.core.engine] INFO: Closing spider (finished)
2018-01-27 09:11:09 [scrapy.statscollectors] INFO: Dumping Scrapy stats:
{'downloader/exception_count': 3,
 'downloader/exception_type_count/twisted.internet.error.ConnectError': 3,
 'downloader/request_bytes': 4918,
 'downloader/request_count': 19,
 'downloader/request_method_count/GET': 19,
 'downloader/response_bytes': 129248,
 'downloader/response_count': 16,
 'downloader/response_status_count/200': 16,
 'finish_reason': 'finished',
 'finish_time': datetime.datetime(2018, 1, 27, 1, 11, 9, 474470),
 'log_count/DEBUG': 20,
 'log_count/ERROR': 1,
 'log_count/INFO': 9,
 'request_depth_max': 16,
 'response_received_count': 16,
 'retry/count': 2,
 'retry/max_reached': 1,
 'retry/reason_count/twisted.internet.error.ConnectError': 2,
 'scheduler/dequeued': 19,
 'scheduler/dequeued/memory': 19,
 'scheduler/enqueued': 19,
 'scheduler/enqueued/memory': 19,
 'start_time': datetime.datetime(2018, 1, 26, 12, 40, 26, 164724)}
2018-01-27 09:11:09 [scrapy.core.engine] INFO: Spider closed (finished)
