2018-01-26 20:09:05 [scrapy.utils.log] INFO: Scrapy 1.4.0 started (bot: cp_plan)
2018-01-26 20:09:05 [scrapy.utils.log] INFO: Overridden settings: {'BOT_NAME': 'cp_plan', 'DOWNLOAD_DELAY': 1.5, 'FEED_EXPORT_ENCODING': 'utf-8', 'LOG_FILE': 'logs\\cp_plan\\jssc\\b1bc908c029111e88198089e01bd501c.log', 'NEWSPIDER_MODULE': 'cp_plan.spiders', 'SPIDER_MODULES': ['cp_plan.spiders']}
2018-01-26 20:09:06 [scrapy.middleware] INFO: Enabled extensions:
['scrapy.extensions.corestats.CoreStats',
 'scrapy.extensions.telnet.TelnetConsole',
 'scrapy.extensions.logstats.LogStats']
2018-01-26 20:09:06 [scrapy.middleware] INFO: Enabled downloader middlewares:
['scrapy.downloadermiddlewares.httpauth.HttpAuthMiddleware',
 'scrapy.downloadermiddlewares.downloadtimeout.DownloadTimeoutMiddleware',
 'scrapy.downloadermiddlewares.defaultheaders.DefaultHeadersMiddleware',
 'scrapy.downloadermiddlewares.useragent.UserAgentMiddleware',
 'cp_plan.middlewares.RandomUserAgent',
 'scrapy.downloadermiddlewares.retry.RetryMiddleware',
 'scrapy.downloadermiddlewares.redirect.MetaRefreshMiddleware',
 'scrapy.downloadermiddlewares.httpcompression.HttpCompressionMiddleware',
 'scrapy.downloadermiddlewares.redirect.RedirectMiddleware',
 'scrapy.downloadermiddlewares.cookies.CookiesMiddleware',
 'scrapy.downloadermiddlewares.httpproxy.HttpProxyMiddleware',
 'scrapy.downloadermiddlewares.stats.DownloaderStats']
2018-01-26 20:09:06 [scrapy.middleware] INFO: Enabled spider middlewares:
['scrapy.spidermiddlewares.httperror.HttpErrorMiddleware',
 'scrapy.spidermiddlewares.offsite.OffsiteMiddleware',
 'scrapy.spidermiddlewares.referer.RefererMiddleware',
 'scrapy.spidermiddlewares.urllength.UrlLengthMiddleware',
 'scrapy.spidermiddlewares.depth.DepthMiddleware']
2018-01-26 20:09:06 [scrapy.middleware] INFO: Enabled item pipelines:
['cp_plan.pipelines.CpPlanPipeline']
2018-01-26 20:09:06 [scrapy.core.engine] INFO: Spider opened
2018-01-26 20:09:06 [scrapy.extensions.logstats] INFO: Crawled 0 pages (at 0 pages/min), scraped 0 items (at 0 items/min)
2018-01-26 20:09:06 [scrapy.extensions.telnet] DEBUG: Telnet console listening on 127.0.0.1:6026
2018-01-26 20:09:06 [scrapy.core.engine] DEBUG: Crawled (200) <GET http://56070.la/json/pk10.json> (referer: None)
2018-01-26 20:09:13 [scrapy.core.engine] DEBUG: Crawled (200) <GET http://56070.la/json/pk10.json> (referer: http://56070.la/json/pk10.json)
2018-01-26 20:09:19 [scrapy.core.engine] DEBUG: Crawled (200) <GET http://56070.la/json/pk10.json> (referer: http://56070.la/json/pk10.json)
2018-01-26 20:09:26 [scrapy.core.engine] DEBUG: Crawled (200) <GET http://56070.la/json/pk10.json> (referer: http://56070.la/json/pk10.json)
2018-01-26 20:09:33 [scrapy.core.engine] DEBUG: Crawled (200) <GET http://56070.la/json/pk10.json> (referer: http://56070.la/json/pk10.json)
2018-01-26 20:09:40 [scrapy.core.engine] DEBUG: Crawled (200) <GET http://56070.la/json/pk10.json> (referer: http://56070.la/json/pk10.json)
2018-01-26 20:09:47 [scrapy.core.engine] DEBUG: Crawled (200) <GET http://56070.la/json/pk10.json> (referer: http://56070.la/json/pk10.json)
2018-01-26 20:09:53 [scrapy.core.engine] DEBUG: Crawled (200) <GET http://56070.la/json/pk10.json> (referer: http://56070.la/json/pk10.json)
2018-01-26 20:10:00 [scrapy.core.engine] DEBUG: Crawled (200) <GET http://56070.la/json/pk10.json> (referer: http://56070.la/json/pk10.json)
2018-01-26 20:10:07 [scrapy.extensions.logstats] INFO: Crawled 9 pages (at 9 pages/min), scraped 0 items (at 0 items/min)
2018-01-26 20:10:07 [scrapy.core.engine] DEBUG: Crawled (200) <GET http://56070.la/json/pk10.json> (referer: http://56070.la/json/pk10.json)
2018-01-26 20:10:14 [scrapy.core.engine] DEBUG: Crawled (200) <GET http://56070.la/json/pk10.json> (referer: http://56070.la/json/pk10.json)
2018-01-26 20:10:21 [scrapy.core.engine] DEBUG: Crawled (200) <GET http://56070.la/json/pk10.json> (referer: http://56070.la/json/pk10.json)
2018-01-26 20:10:27 [scrapy.core.engine] DEBUG: Crawled (200) <GET http://56070.la/json/pk10.json> (referer: http://56070.la/json/pk10.json)
2018-01-26 20:10:34 [scrapy.core.engine] DEBUG: Crawled (200) <GET http://56070.la/json/pk10.json> (referer: http://56070.la/json/pk10.json)
2018-01-26 20:10:41 [scrapy.core.engine] DEBUG: Crawled (200) <GET http://56070.la/json/pk10.json> (referer: http://56070.la/json/pk10.json)
2018-01-26 20:10:48 [scrapy.core.engine] DEBUG: Crawled (200) <GET http://56070.la/json/pk10.json> (referer: http://56070.la/json/pk10.json)
2018-01-26 20:10:54 [scrapy.core.engine] DEBUG: Crawled (200) <GET http://56070.la/json/pk10.json> (referer: http://56070.la/json/pk10.json)
2018-01-26 20:11:01 [scrapy.core.engine] DEBUG: Crawled (200) <GET http://56070.la/json/pk10.json> (referer: http://56070.la/json/pk10.json)
2018-01-26 20:11:08 [scrapy.extensions.logstats] INFO: Crawled 18 pages (at 9 pages/min), scraped 0 items (at 0 items/min)
2018-01-26 20:11:08 [scrapy.core.engine] DEBUG: Crawled (200) <GET http://56070.la/json/pk10.json> (referer: http://56070.la/json/pk10.json)
2018-01-26 20:11:15 [scrapy.core.engine] DEBUG: Crawled (200) <GET http://56070.la/json/pk10.json> (referer: http://56070.la/json/pk10.json)
2018-01-26 20:11:22 [scrapy.core.engine] DEBUG: Crawled (200) <GET http://56070.la/json/pk10.json> (referer: http://56070.la/json/pk10.json)
2018-01-26 20:11:28 [scrapy.core.engine] DEBUG: Crawled (200) <GET http://56070.la/json/pk10.json> (referer: http://56070.la/json/pk10.json)
2018-01-26 20:11:35 [scrapy.core.engine] DEBUG: Crawled (200) <GET http://56070.la/json/pk10.json> (referer: http://56070.la/json/pk10.json)
2018-01-26 20:11:42 [scrapy.core.engine] DEBUG: Crawled (200) <GET http://56070.la/json/pk10.json> (referer: http://56070.la/json/pk10.json)
2018-01-26 20:11:49 [scrapy.core.engine] DEBUG: Crawled (200) <GET http://56070.la/json/pk10.json> (referer: http://56070.la/json/pk10.json)
