2018-01-26 20:39:05 [scrapy.utils.log] INFO: Scrapy 1.4.0 started (bot: cp_plan)
2018-01-26 20:39:05 [scrapy.utils.log] INFO: Overridden settings: {'BOT_NAME': 'cp_plan', 'DOWNLOAD_DELAY': 1.5, 'FEED_EXPORT_ENCODING': 'utf-8', 'LOG_FILE': 'logs\\cp_plan\\jssc\\e29d9a6e029511e89b0c089e01bd501c.log', 'NEWSPIDER_MODULE': 'cp_plan.spiders', 'SPIDER_MODULES': ['cp_plan.spiders']}
2018-01-26 20:39:05 [scrapy.middleware] INFO: Enabled extensions:
['scrapy.extensions.corestats.CoreStats',
 'scrapy.extensions.telnet.TelnetConsole',
 'scrapy.extensions.logstats.LogStats']
2018-01-26 20:39:05 [scrapy.middleware] INFO: Enabled downloader middlewares:
['scrapy.downloadermiddlewares.httpauth.HttpAuthMiddleware',
 'scrapy.downloadermiddlewares.downloadtimeout.DownloadTimeoutMiddleware',
 'scrapy.downloadermiddlewares.defaultheaders.DefaultHeadersMiddleware',
 'scrapy.downloadermiddlewares.useragent.UserAgentMiddleware',
 'cp_plan.middlewares.RandomUserAgent',
 'scrapy.downloadermiddlewares.retry.RetryMiddleware',
 'scrapy.downloadermiddlewares.redirect.MetaRefreshMiddleware',
 'scrapy.downloadermiddlewares.httpcompression.HttpCompressionMiddleware',
 'scrapy.downloadermiddlewares.redirect.RedirectMiddleware',
 'scrapy.downloadermiddlewares.cookies.CookiesMiddleware',
 'scrapy.downloadermiddlewares.httpproxy.HttpProxyMiddleware',
 'scrapy.downloadermiddlewares.stats.DownloaderStats']
2018-01-26 20:39:05 [scrapy.middleware] INFO: Enabled spider middlewares:
['scrapy.spidermiddlewares.httperror.HttpErrorMiddleware',
 'scrapy.spidermiddlewares.offsite.OffsiteMiddleware',
 'scrapy.spidermiddlewares.referer.RefererMiddleware',
 'scrapy.spidermiddlewares.urllength.UrlLengthMiddleware',
 'scrapy.spidermiddlewares.depth.DepthMiddleware']
2018-01-26 20:39:05 [scrapy.middleware] INFO: Enabled item pipelines:
['cp_plan.pipelines.CpPlanPipeline']
2018-01-26 20:39:05 [scrapy.core.engine] INFO: Spider opened
2018-01-26 20:39:05 [scrapy.extensions.logstats] INFO: Crawled 0 pages (at 0 pages/min), scraped 0 items (at 0 items/min)
2018-01-26 20:39:05 [scrapy.extensions.telnet] DEBUG: Telnet console listening on 127.0.0.1:6023
2018-01-26 20:39:06 [scrapy.core.engine] DEBUG: Crawled (200) <GET http://56070.la/json/pk10.json> (referer: None)
2018-01-26 20:39:12 [scrapy.core.engine] DEBUG: Crawled (200) <GET http://56070.la/json/pk10.json> (referer: http://56070.la/json/pk10.json)
2018-01-26 20:39:19 [scrapy.core.engine] DEBUG: Crawled (200) <GET http://56070.la/json/pk10.json> (referer: http://56070.la/json/pk10.json)
2018-01-26 20:39:26 [scrapy.core.engine] DEBUG: Crawled (200) <GET http://56070.la/json/pk10.json> (referer: http://56070.la/json/pk10.json)
2018-01-26 20:39:33 [scrapy.core.engine] DEBUG: Crawled (200) <GET http://56070.la/json/pk10.json> (referer: http://56070.la/json/pk10.json)
2018-01-26 20:39:40 [scrapy.core.engine] DEBUG: Crawled (200) <GET http://56070.la/json/pk10.json> (referer: http://56070.la/json/pk10.json)
2018-01-26 20:39:46 [scrapy.core.engine] DEBUG: Crawled (200) <GET http://56070.la/json/pk10.json> (referer: http://56070.la/json/pk10.json)
2018-01-26 20:39:53 [scrapy.core.engine] DEBUG: Crawled (200) <GET http://56070.la/json/pk10.json> (referer: http://56070.la/json/pk10.json)
2018-01-26 20:40:00 [scrapy.core.engine] DEBUG: Crawled (200) <GET http://56070.la/json/pk10.json> (referer: http://56070.la/json/pk10.json)
2018-01-26 20:40:07 [scrapy.extensions.logstats] INFO: Crawled 9 pages (at 9 pages/min), scraped 0 items (at 0 items/min)
2018-01-26 20:40:07 [scrapy.core.engine] DEBUG: Crawled (200) <GET http://56070.la/json/pk10.json> (referer: http://56070.la/json/pk10.json)
2018-01-26 20:40:14 [scrapy.core.engine] DEBUG: Crawled (200) <GET http://56070.la/json/pk10.json> (referer: http://56070.la/json/pk10.json)
2018-01-26 20:40:20 [scrapy.core.engine] DEBUG: Crawled (200) <GET http://56070.la/json/pk10.json> (referer: http://56070.la/json/pk10.json)
2018-01-26 20:40:27 [scrapy.core.engine] DEBUG: Crawled (200) <GET http://56070.la/json/pk10.json> (referer: http://56070.la/json/pk10.json)
2018-01-26 20:40:34 [scrapy.core.engine] DEBUG: Crawled (200) <GET http://56070.la/json/pk10.json> (referer: http://56070.la/json/pk10.json)
2018-01-26 20:40:41 [scrapy.core.engine] DEBUG: Crawled (200) <GET http://56070.la/json/pk10.json> (referer: http://56070.la/json/pk10.json)
2018-01-26 20:40:48 [scrapy.core.engine] DEBUG: Crawled (200) <GET http://56070.la/json/pk10.json> (referer: http://56070.la/json/pk10.json)
2018-01-26 20:40:54 [scrapy.core.engine] DEBUG: Crawled (200) <GET http://56070.la/json/pk10.json> (referer: http://56070.la/json/pk10.json)
2018-01-26 20:41:01 [scrapy.core.engine] DEBUG: Crawled (200) <GET http://56070.la/json/pk10.json> (referer: http://56070.la/json/pk10.json)
2018-01-26 20:41:08 [scrapy.extensions.logstats] INFO: Crawled 18 pages (at 9 pages/min), scraped 0 items (at 0 items/min)
2018-01-26 20:41:08 [scrapy.core.engine] DEBUG: Crawled (200) <GET http://56070.la/json/pk10.json> (referer: http://56070.la/json/pk10.json)
2018-01-26 20:41:15 [scrapy.core.engine] DEBUG: Crawled (200) <GET http://56070.la/json/pk10.json> (referer: http://56070.la/json/pk10.json)
2018-01-26 20:41:21 [scrapy.core.engine] DEBUG: Crawled (200) <GET http://56070.la/json/pk10.json> (referer: http://56070.la/json/pk10.json)
2018-01-26 20:41:28 [scrapy.core.engine] DEBUG: Crawled (200) <GET http://56070.la/json/pk10.json> (referer: http://56070.la/json/pk10.json)
2018-01-26 20:41:35 [scrapy.core.engine] DEBUG: Crawled (200) <GET http://56070.la/json/pk10.json> (referer: http://56070.la/json/pk10.json)
2018-01-26 20:41:42 [scrapy.core.engine] DEBUG: Crawled (200) <GET http://56070.la/json/pk10.json> (referer: http://56070.la/json/pk10.json)
2018-01-26 20:41:49 [scrapy.core.engine] DEBUG: Crawled (200) <GET http://56070.la/json/pk10.json> (referer: http://56070.la/json/pk10.json)
2018-01-26 20:41:55 [scrapy.core.engine] DEBUG: Crawled (200) <GET http://56070.la/json/pk10.json> (referer: http://56070.la/json/pk10.json)
2018-01-26 20:42:02 [scrapy.core.engine] DEBUG: Crawled (200) <GET http://56070.la/json/pk10.json> (referer: http://56070.la/json/pk10.json)
2018-01-26 20:42:09 [scrapy.extensions.logstats] INFO: Crawled 27 pages (at 9 pages/min), scraped 0 items (at 0 items/min)
2018-01-26 20:42:09 [scrapy.core.engine] DEBUG: Crawled (200) <GET http://56070.la/json/pk10.json> (referer: http://56070.la/json/pk10.json)
2018-01-27 09:11:07 [scrapy.extensions.logstats] INFO: Crawled 28 pages (at 1 pages/min), scraped 0 items (at 0 items/min)
2018-01-27 09:11:07 [scrapy.downloadermiddlewares.retry] DEBUG: Retrying <GET http://56070.la/json/pk10.json> (failed 1 times): An error occurred while connecting: 10065: 套接字操作尝试一个无法连接的主机。.
2018-01-27 09:11:09 [scrapy.core.engine] DEBUG: Crawled (200) <GET http://56070.la/json/pk10.json> (referer: http://56070.la/json/pk10.json)
2018-01-27 09:11:10 [scrapy.core.engine] DEBUG: Crawled (200) <GET http://56070.la/json/pk10.json> (referer: http://56070.la/json/pk10.json)
2018-01-27 09:11:11 [scrapy.core.scraper] DEBUG: Scraped from <200 http://56070.la/json/pk10.json>
{'title': '879-881期 冠军【03 05 06 08 10】第1期 879期 等开'}
2018-01-27 09:11:11 [scrapy.core.scraper] DEBUG: Scraped from <200 http://56070.la/json/pk10.json>
{'gameId': '极速赛车',
 'title': '878-880期 冠军【03 05 06 07 08】第1期 878期 06 中',
 'type': '冠军'}
2018-01-27 09:11:11 [scrapy.core.scraper] DEBUG: Scraped from <200 http://56070.la/json/pk10.json>
{'N1': '6',
 'N10': '1',
 'N2': '9',
 'N3': '8',
 'N4': '7',
 'N5': '10',
 'N6': '5',
 'N7': '2',
 'N8': '3',
 'N9': '4',
 'gameId': '极速赛车',
 'gamedate': 663878}
2018-01-27 09:11:11 [scrapy.core.engine] INFO: Closing spider (finished)
2018-01-27 09:11:11 [scrapy.statscollectors] INFO: Dumping Scrapy stats:
{'downloader/exception_count': 1,
 'downloader/exception_type_count/twisted.internet.error.ConnectError': 1,
 'downloader/request_bytes': 8050,
 'downloader/request_count': 31,
 'downloader/request_method_count/GET': 31,
 'downloader/response_bytes': 227486,
 'downloader/response_count': 30,
 'downloader/response_status_count/200': 30,
 'finish_reason': 'finished',
 'finish_time': datetime.datetime(2018, 1, 27, 1, 11, 11, 77536),
 'item_scraped_count': 3,
 'log_count/DEBUG': 35,
 'log_count/INFO': 11,
 'request_depth_max': 29,
 'response_received_count': 30,
 'retry/count': 1,
 'retry/reason_count/twisted.internet.error.ConnectError': 1,
 'scheduler/dequeued': 31,
 'scheduler/dequeued/memory': 31,
 'scheduler/enqueued': 31,
 'scheduler/enqueued/memory': 31,
 'start_time': datetime.datetime(2018, 1, 26, 12, 39, 5, 931697)}
2018-01-27 09:11:11 [scrapy.core.engine] INFO: Spider closed (finished)
