2018-01-26 20:10:30 [scrapy.utils.log] INFO: Scrapy 1.4.0 started (bot: cp_plan)
2018-01-26 20:10:30 [scrapy.utils.log] INFO: Overridden settings: {'BOT_NAME': 'cp_plan', 'DOWNLOAD_DELAY': 1.5, 'FEED_EXPORT_ENCODING': 'utf-8', 'LOG_FILE': 'logs\\cp_plan\\pcdd\\d60ce398029111e8be6d089e01bd501c.log', 'NEWSPIDER_MODULE': 'cp_plan.spiders', 'SPIDER_MODULES': ['cp_plan.spiders']}
2018-01-26 20:10:30 [scrapy.middleware] INFO: Enabled extensions:
['scrapy.extensions.corestats.CoreStats',
 'scrapy.extensions.telnet.TelnetConsole',
 'scrapy.extensions.logstats.LogStats']
2018-01-26 20:10:30 [scrapy.middleware] INFO: Enabled downloader middlewares:
['scrapy.downloadermiddlewares.httpauth.HttpAuthMiddleware',
 'scrapy.downloadermiddlewares.downloadtimeout.DownloadTimeoutMiddleware',
 'scrapy.downloadermiddlewares.defaultheaders.DefaultHeadersMiddleware',
 'scrapy.downloadermiddlewares.useragent.UserAgentMiddleware',
 'cp_plan.middlewares.RandomUserAgent',
 'scrapy.downloadermiddlewares.retry.RetryMiddleware',
 'scrapy.downloadermiddlewares.redirect.MetaRefreshMiddleware',
 'scrapy.downloadermiddlewares.httpcompression.HttpCompressionMiddleware',
 'scrapy.downloadermiddlewares.redirect.RedirectMiddleware',
 'scrapy.downloadermiddlewares.cookies.CookiesMiddleware',
 'scrapy.downloadermiddlewares.httpproxy.HttpProxyMiddleware',
 'scrapy.downloadermiddlewares.stats.DownloaderStats']
2018-01-26 20:10:30 [scrapy.middleware] INFO: Enabled spider middlewares:
['scrapy.spidermiddlewares.httperror.HttpErrorMiddleware',
 'scrapy.spidermiddlewares.offsite.OffsiteMiddleware',
 'scrapy.spidermiddlewares.referer.RefererMiddleware',
 'scrapy.spidermiddlewares.urllength.UrlLengthMiddleware',
 'scrapy.spidermiddlewares.depth.DepthMiddleware']
2018-01-26 20:10:30 [scrapy.middleware] INFO: Enabled item pipelines:
['cp_plan.pipelines.CpPlanPipeline']
2018-01-26 20:10:30 [scrapy.core.engine] INFO: Spider opened
2018-01-26 20:10:30 [scrapy.extensions.logstats] INFO: Crawled 0 pages (at 0 pages/min), scraped 0 items (at 0 items/min)
2018-01-26 20:10:30 [scrapy.extensions.telnet] DEBUG: Telnet console listening on 127.0.0.1:6024
2018-01-26 20:10:31 [scrapy.core.engine] DEBUG: Crawled (200) <GET http://56070.la/json/pcdd.json> (referer: None)
2018-01-26 20:10:37 [scrapy.core.engine] DEBUG: Crawled (200) <GET http://56070.la/json/pcdd.json> (referer: http://56070.la/json/pcdd.json)
2018-01-26 20:10:44 [scrapy.core.engine] DEBUG: Crawled (200) <GET http://56070.la/json/pcdd.json> (referer: http://56070.la/json/pcdd.json)
2018-01-26 20:10:51 [scrapy.core.engine] DEBUG: Crawled (200) <GET http://56070.la/json/pcdd.json> (referer: http://56070.la/json/pcdd.json)
2018-01-26 20:10:58 [scrapy.core.engine] DEBUG: Crawled (200) <GET http://56070.la/json/pcdd.json> (referer: http://56070.la/json/pcdd.json)
2018-01-26 20:11:05 [scrapy.core.engine] DEBUG: Crawled (200) <GET http://56070.la/json/pcdd.json> (referer: http://56070.la/json/pcdd.json)
2018-01-26 20:11:11 [scrapy.core.engine] DEBUG: Crawled (200) <GET http://56070.la/json/pcdd.json> (referer: http://56070.la/json/pcdd.json)
2018-01-26 20:11:18 [scrapy.core.engine] DEBUG: Crawled (200) <GET http://56070.la/json/pcdd.json> (referer: http://56070.la/json/pcdd.json)
2018-01-26 20:11:25 [scrapy.core.engine] DEBUG: Crawled (200) <GET http://56070.la/json/pcdd.json> (referer: http://56070.la/json/pcdd.json)
2018-01-26 20:11:32 [scrapy.extensions.logstats] INFO: Crawled 9 pages (at 9 pages/min), scraped 0 items (at 0 items/min)
2018-01-26 20:11:32 [scrapy.core.engine] DEBUG: Crawled (200) <GET http://56070.la/json/pcdd.json> (referer: http://56070.la/json/pcdd.json)
2018-01-26 20:11:39 [scrapy.core.engine] DEBUG: Crawled (200) <GET http://56070.la/json/pcdd.json> (referer: http://56070.la/json/pcdd.json)
2018-01-26 20:11:45 [scrapy.core.engine] DEBUG: Crawled (200) <GET http://56070.la/json/pcdd.json> (referer: http://56070.la/json/pcdd.json)
2018-01-26 20:11:52 [scrapy.core.engine] DEBUG: Crawled (200) <GET http://56070.la/json/pcdd.json> (referer: http://56070.la/json/pcdd.json)
