2018-01-26 19:59:05 [scrapy.utils.log] INFO: Scrapy 1.4.0 started (bot: cp_plan)
2018-01-26 19:59:05 [scrapy.utils.log] INFO: Overridden settings: {'BOT_NAME': 'cp_plan', 'DOWNLOAD_DELAY': 1.5, 'FEED_EXPORT_ENCODING': 'utf-8', 'LOG_FILE': 'logs\\cp_plan\\ffc\\4c1ad264029011e89306089e01bd501c.log', 'NEWSPIDER_MODULE': 'cp_plan.spiders', 'SPIDER_MODULES': ['cp_plan.spiders']}
2018-01-26 19:59:06 [scrapy.middleware] INFO: Enabled extensions:
['scrapy.extensions.corestats.CoreStats',
 'scrapy.extensions.telnet.TelnetConsole',
 'scrapy.extensions.logstats.LogStats']
2018-01-26 19:59:06 [scrapy.middleware] INFO: Enabled downloader middlewares:
['scrapy.downloadermiddlewares.httpauth.HttpAuthMiddleware',
 'scrapy.downloadermiddlewares.downloadtimeout.DownloadTimeoutMiddleware',
 'scrapy.downloadermiddlewares.defaultheaders.DefaultHeadersMiddleware',
 'scrapy.downloadermiddlewares.useragent.UserAgentMiddleware',
 'cp_plan.middlewares.RandomUserAgent',
 'scrapy.downloadermiddlewares.retry.RetryMiddleware',
 'scrapy.downloadermiddlewares.redirect.MetaRefreshMiddleware',
 'scrapy.downloadermiddlewares.httpcompression.HttpCompressionMiddleware',
 'scrapy.downloadermiddlewares.redirect.RedirectMiddleware',
 'scrapy.downloadermiddlewares.cookies.CookiesMiddleware',
 'scrapy.downloadermiddlewares.httpproxy.HttpProxyMiddleware',
 'scrapy.downloadermiddlewares.stats.DownloaderStats']
2018-01-26 19:59:06 [scrapy.middleware] INFO: Enabled spider middlewares:
['scrapy.spidermiddlewares.httperror.HttpErrorMiddleware',
 'scrapy.spidermiddlewares.offsite.OffsiteMiddleware',
 'scrapy.spidermiddlewares.referer.RefererMiddleware',
 'scrapy.spidermiddlewares.urllength.UrlLengthMiddleware',
 'scrapy.spidermiddlewares.depth.DepthMiddleware']
2018-01-26 19:59:06 [scrapy.middleware] INFO: Enabled item pipelines:
['cp_plan.pipelines.CpPlanPipeline']
2018-01-26 19:59:06 [scrapy.core.engine] INFO: Spider opened
2018-01-26 19:59:06 [scrapy.extensions.logstats] INFO: Crawled 0 pages (at 0 pages/min), scraped 0 items (at 0 items/min)
2018-01-26 19:59:06 [scrapy.extensions.telnet] DEBUG: Telnet console listening on 127.0.0.1:6025
2018-01-26 19:59:06 [scrapy.core.engine] DEBUG: Crawled (200) <GET http://56070.la/json/ffc.json> (referer: None)
2018-01-26 19:59:13 [scrapy.core.engine] DEBUG: Crawled (200) <GET http://56070.la/json/ffc_h2zx.json> (referer: None)
2018-01-26 19:59:19 [scrapy.core.engine] DEBUG: Crawled (200) <GET http://56070.la/json/ffc_h3zx.json> (referer: None)
2018-01-26 19:59:26 [scrapy.core.engine] DEBUG: Crawled (200) <GET http://56070.la/json/ffc_h3z6.json> (referer: None)
2018-01-26 19:59:33 [scrapy.core.engine] DEBUG: Crawled (200) <GET http://56070.la/json/ffc.json> (referer: http://56070.la/json/ffc.json)
2018-01-26 19:59:40 [scrapy.core.engine] DEBUG: Crawled (200) <GET http://56070.la/json/ffc_h2zx.json> (referer: http://56070.la/json/ffc_h2zx.json)
2018-01-26 19:59:47 [scrapy.core.engine] DEBUG: Crawled (200) <GET http://56070.la/json/ffc_h3zx.json> (referer: http://56070.la/json/ffc_h3zx.json)
2018-01-26 19:59:53 [scrapy.core.engine] DEBUG: Crawled (200) <GET http://56070.la/json/ffc_h3z6.json> (referer: http://56070.la/json/ffc_h3z6.json)
2018-01-26 20:00:00 [scrapy.core.engine] DEBUG: Crawled (200) <GET http://56070.la/json/ffc.json> (referer: http://56070.la/json/ffc.json)
2018-01-26 20:00:07 [scrapy.extensions.logstats] INFO: Crawled 9 pages (at 9 pages/min), scraped 0 items (at 0 items/min)
2018-01-26 20:00:07 [scrapy.core.engine] DEBUG: Crawled (200) <GET http://56070.la/json/ffc_h2zx.json> (referer: http://56070.la/json/ffc_h2zx.json)
2018-01-26 20:00:14 [scrapy.core.engine] DEBUG: Crawled (200) <GET http://56070.la/json/ffc_h3zx.json> (referer: http://56070.la/json/ffc_h3zx.json)
2018-01-26 20:00:21 [scrapy.core.engine] DEBUG: Crawled (200) <GET http://56070.la/json/ffc_h3z6.json> (referer: http://56070.la/json/ffc_h3z6.json)
2018-01-26 20:00:28 [scrapy.core.engine] DEBUG: Crawled (200) <GET http://56070.la/json/ffc.json> (referer: http://56070.la/json/ffc.json)
2018-01-26 20:00:34 [scrapy.core.engine] DEBUG: Crawled (200) <GET http://56070.la/json/ffc_h2zx.json> (referer: http://56070.la/json/ffc_h2zx.json)
2018-01-26 20:00:41 [scrapy.core.engine] DEBUG: Crawled (200) <GET http://56070.la/json/ffc_h3zx.json> (referer: http://56070.la/json/ffc_h3zx.json)
2018-01-26 20:00:48 [scrapy.core.engine] DEBUG: Crawled (200) <GET http://56070.la/json/ffc_h3z6.json> (referer: http://56070.la/json/ffc_h3z6.json)
2018-01-26 20:00:55 [scrapy.core.engine] DEBUG: Crawled (200) <GET http://56070.la/json/ffc.json> (referer: http://56070.la/json/ffc.json)
2018-01-26 20:01:02 [scrapy.core.engine] DEBUG: Crawled (200) <GET http://56070.la/json/ffc_h2zx.json> (referer: http://56070.la/json/ffc_h2zx.json)
2018-01-26 20:01:08 [scrapy.extensions.logstats] INFO: Crawled 18 pages (at 9 pages/min), scraped 0 items (at 0 items/min)
2018-01-26 20:01:08 [scrapy.core.engine] DEBUG: Crawled (200) <GET http://56070.la/json/ffc_h3zx.json> (referer: http://56070.la/json/ffc_h3zx.json)
2018-01-26 20:01:15 [scrapy.core.engine] DEBUG: Crawled (200) <GET http://56070.la/json/ffc_h3z6.json> (referer: http://56070.la/json/ffc_h3z6.json)
2018-01-26 20:01:22 [scrapy.core.engine] DEBUG: Crawled (200) <GET http://56070.la/json/ffc.json> (referer: http://56070.la/json/ffc.json)
2018-01-26 20:01:29 [scrapy.core.engine] DEBUG: Crawled (200) <GET http://56070.la/json/ffc_h2zx.json> (referer: http://56070.la/json/ffc_h2zx.json)
2018-01-26 20:01:36 [scrapy.core.engine] DEBUG: Crawled (200) <GET http://56070.la/json/ffc_h3zx.json> (referer: http://56070.la/json/ffc_h3zx.json)
2018-01-26 20:01:42 [scrapy.core.engine] DEBUG: Crawled (200) <GET http://56070.la/json/ffc_h3z6.json> (referer: http://56070.la/json/ffc_h3z6.json)
2018-01-26 20:01:49 [scrapy.core.engine] DEBUG: Crawled (200) <GET http://56070.la/json/ffc.json> (referer: http://56070.la/json/ffc.json)
2018-01-26 20:01:56 [scrapy.core.engine] DEBUG: Crawled (200) <GET http://56070.la/json/ffc_h2zx.json> (referer: http://56070.la/json/ffc_h2zx.json)
2018-01-26 20:02:03 [scrapy.core.engine] DEBUG: Crawled (200) <GET http://56070.la/json/ffc_h3zx.json> (referer: http://56070.la/json/ffc_h3zx.json)
2018-01-26 20:02:10 [scrapy.extensions.logstats] INFO: Crawled 27 pages (at 9 pages/min), scraped 0 items (at 0 items/min)
2018-01-26 20:02:10 [scrapy.core.engine] DEBUG: Crawled (200) <GET http://56070.la/json/ffc_h3z6.json> (referer: http://56070.la/json/ffc_h3z6.json)
2018-01-26 20:02:17 [scrapy.core.engine] DEBUG: Crawled (200) <GET http://56070.la/json/ffc.json> (referer: http://56070.la/json/ffc.json)
2018-01-26 20:02:23 [scrapy.core.engine] DEBUG: Crawled (200) <GET http://56070.la/json/ffc_h2zx.json> (referer: http://56070.la/json/ffc_h2zx.json)
2018-01-26 20:02:30 [scrapy.core.engine] DEBUG: Crawled (200) <GET http://56070.la/json/ffc_h3zx.json> (referer: http://56070.la/json/ffc_h3zx.json)
2018-01-26 20:02:37 [scrapy.core.engine] DEBUG: Crawled (200) <GET http://56070.la/json/ffc_h3z6.json> (referer: http://56070.la/json/ffc_h3z6.json)
2018-01-26 20:02:44 [scrapy.core.engine] DEBUG: Crawled (200) <GET http://56070.la/json/ffc.json> (referer: http://56070.la/json/ffc.json)
2018-01-26 20:02:51 [scrapy.core.engine] DEBUG: Crawled (200) <GET http://56070.la/json/ffc_h2zx.json> (referer: http://56070.la/json/ffc_h2zx.json)
2018-01-26 20:02:57 [scrapy.core.engine] DEBUG: Crawled (200) <GET http://56070.la/json/ffc_h3zx.json> (referer: http://56070.la/json/ffc_h3zx.json)
2018-01-26 20:03:04 [scrapy.core.engine] DEBUG: Crawled (200) <GET http://56070.la/json/ffc_h3z6.json> (referer: http://56070.la/json/ffc_h3z6.json)
2018-01-26 20:03:11 [scrapy.extensions.logstats] INFO: Crawled 36 pages (at 9 pages/min), scraped 0 items (at 0 items/min)
2018-01-26 20:03:11 [scrapy.core.engine] DEBUG: Crawled (200) <GET http://56070.la/json/ffc.json> (referer: http://56070.la/json/ffc.json)
2018-01-26 20:03:18 [scrapy.core.engine] DEBUG: Crawled (200) <GET http://56070.la/json/ffc_h2zx.json> (referer: http://56070.la/json/ffc_h2zx.json)
2018-01-26 20:03:25 [scrapy.core.engine] DEBUG: Crawled (200) <GET http://56070.la/json/ffc_h3zx.json> (referer: http://56070.la/json/ffc_h3zx.json)
2018-01-26 20:03:31 [scrapy.core.engine] DEBUG: Crawled (200) <GET http://56070.la/json/ffc_h3z6.json> (referer: http://56070.la/json/ffc_h3z6.json)
2018-01-26 20:03:38 [scrapy.core.engine] DEBUG: Crawled (200) <GET http://56070.la/json/ffc.json> (referer: http://56070.la/json/ffc.json)
2018-01-26 20:03:45 [scrapy.core.engine] DEBUG: Crawled (200) <GET http://56070.la/json/ffc_h2zx.json> (referer: http://56070.la/json/ffc_h2zx.json)
2018-01-26 20:03:52 [scrapy.core.engine] DEBUG: Crawled (200) <GET http://56070.la/json/ffc_h3zx.json> (referer: http://56070.la/json/ffc_h3zx.json)
2018-01-26 20:03:59 [scrapy.core.engine] DEBUG: Crawled (200) <GET http://56070.la/json/ffc_h3z6.json> (referer: http://56070.la/json/ffc_h3z6.json)
2018-01-26 20:04:06 [scrapy.core.engine] DEBUG: Crawled (200) <GET http://56070.la/json/ffc.json> (referer: http://56070.la/json/ffc.json)
2018-01-26 20:04:06 [scrapy.extensions.logstats] INFO: Crawled 45 pages (at 9 pages/min), scraped 0 items (at 0 items/min)
2018-01-26 20:04:12 [scrapy.core.engine] DEBUG: Crawled (200) <GET http://56070.la/json/ffc_h2zx.json> (referer: http://56070.la/json/ffc_h2zx.json)
2018-01-26 20:04:19 [scrapy.core.engine] DEBUG: Crawled (200) <GET http://56070.la/json/ffc_h3zx.json> (referer: http://56070.la/json/ffc_h3zx.json)
2018-01-26 20:04:26 [scrapy.core.engine] DEBUG: Crawled (200) <GET http://56070.la/json/ffc_h3z6.json> (referer: http://56070.la/json/ffc_h3z6.json)
2018-01-26 20:04:33 [scrapy.core.engine] DEBUG: Crawled (200) <GET http://56070.la/json/ffc.json> (referer: http://56070.la/json/ffc.json)
2018-01-26 20:04:40 [scrapy.core.engine] DEBUG: Crawled (200) <GET http://56070.la/json/ffc_h2zx.json> (referer: http://56070.la/json/ffc_h2zx.json)
2018-01-26 20:04:47 [scrapy.core.engine] DEBUG: Crawled (200) <GET http://56070.la/json/ffc_h3zx.json> (referer: http://56070.la/json/ffc_h3zx.json)
2018-01-26 20:04:53 [scrapy.core.engine] DEBUG: Crawled (200) <GET http://56070.la/json/ffc_h3z6.json> (referer: http://56070.la/json/ffc_h3z6.json)
2018-01-26 20:05:00 [scrapy.core.engine] DEBUG: Crawled (200) <GET http://56070.la/json/ffc.json> (referer: http://56070.la/json/ffc.json)
2018-01-26 20:05:07 [scrapy.extensions.logstats] INFO: Crawled 53 pages (at 8 pages/min), scraped 0 items (at 0 items/min)
2018-01-26 20:05:07 [scrapy.core.engine] DEBUG: Crawled (200) <GET http://56070.la/json/ffc_h2zx.json> (referer: http://56070.la/json/ffc_h2zx.json)
2018-01-26 20:05:14 [scrapy.core.engine] DEBUG: Crawled (200) <GET http://56070.la/json/ffc_h3zx.json> (referer: http://56070.la/json/ffc_h3zx.json)
2018-01-26 20:05:21 [scrapy.core.engine] DEBUG: Crawled (200) <GET http://56070.la/json/ffc_h3z6.json> (referer: http://56070.la/json/ffc_h3z6.json)
2018-01-26 20:05:27 [scrapy.core.engine] DEBUG: Crawled (200) <GET http://56070.la/json/ffc.json> (referer: http://56070.la/json/ffc.json)
2018-01-26 20:05:34 [scrapy.core.engine] DEBUG: Crawled (200) <GET http://56070.la/json/ffc_h2zx.json> (referer: http://56070.la/json/ffc_h2zx.json)
2018-01-26 20:05:41 [scrapy.core.engine] DEBUG: Crawled (200) <GET http://56070.la/json/ffc_h3zx.json> (referer: http://56070.la/json/ffc_h3zx.json)
2018-01-26 20:05:48 [scrapy.core.engine] DEBUG: Crawled (200) <GET http://56070.la/json/ffc_h3z6.json> (referer: http://56070.la/json/ffc_h3z6.json)
2018-01-26 20:05:55 [scrapy.core.engine] DEBUG: Crawled (200) <GET http://56070.la/json/ffc.json> (referer: http://56070.la/json/ffc.json)
2018-01-26 20:06:01 [scrapy.core.engine] DEBUG: Crawled (200) <GET http://56070.la/json/ffc_h2zx.json> (referer: http://56070.la/json/ffc_h2zx.json)
2018-01-26 20:06:08 [scrapy.extensions.logstats] INFO: Crawled 62 pages (at 9 pages/min), scraped 0 items (at 0 items/min)
2018-01-26 20:06:08 [scrapy.core.engine] DEBUG: Crawled (200) <GET http://56070.la/json/ffc_h3zx.json> (referer: http://56070.la/json/ffc_h3zx.json)
2018-01-26 20:06:15 [scrapy.core.engine] DEBUG: Crawled (200) <GET http://56070.la/json/ffc_h3z6.json> (referer: http://56070.la/json/ffc_h3z6.json)
2018-01-26 20:06:22 [scrapy.core.engine] DEBUG: Crawled (200) <GET http://56070.la/json/ffc.json> (referer: http://56070.la/json/ffc.json)
2018-01-26 20:06:29 [scrapy.core.engine] DEBUG: Crawled (200) <GET http://56070.la/json/ffc_h2zx.json> (referer: http://56070.la/json/ffc_h2zx.json)
2018-01-26 20:06:36 [scrapy.core.engine] DEBUG: Crawled (200) <GET http://56070.la/json/ffc_h3zx.json> (referer: http://56070.la/json/ffc_h3zx.json)
2018-01-26 20:06:42 [scrapy.core.engine] DEBUG: Crawled (200) <GET http://56070.la/json/ffc_h3z6.json> (referer: http://56070.la/json/ffc_h3z6.json)
2018-01-26 20:06:49 [scrapy.core.engine] DEBUG: Crawled (200) <GET http://56070.la/json/ffc.json> (referer: http://56070.la/json/ffc.json)
2018-01-26 20:06:56 [scrapy.core.engine] DEBUG: Crawled (200) <GET http://56070.la/json/ffc_h2zx.json> (referer: http://56070.la/json/ffc_h2zx.json)
2018-01-26 20:07:03 [scrapy.core.engine] DEBUG: Crawled (200) <GET http://56070.la/json/ffc_h3zx.json> (referer: http://56070.la/json/ffc_h3zx.json)
2018-01-26 20:07:10 [scrapy.extensions.logstats] INFO: Crawled 71 pages (at 9 pages/min), scraped 0 items (at 0 items/min)
2018-01-26 20:07:10 [scrapy.core.engine] DEBUG: Crawled (200) <GET http://56070.la/json/ffc_h3z6.json> (referer: http://56070.la/json/ffc_h3z6.json)
2018-01-26 20:07:16 [scrapy.core.engine] DEBUG: Crawled (200) <GET http://56070.la/json/ffc.json> (referer: http://56070.la/json/ffc.json)
2018-01-26 20:07:23 [scrapy.core.engine] DEBUG: Crawled (200) <GET http://56070.la/json/ffc_h2zx.json> (referer: http://56070.la/json/ffc_h2zx.json)
2018-01-26 20:07:30 [scrapy.core.engine] DEBUG: Crawled (200) <GET http://56070.la/json/ffc_h3zx.json> (referer: http://56070.la/json/ffc_h3zx.json)
2018-01-26 20:07:37 [scrapy.core.engine] DEBUG: Crawled (200) <GET http://56070.la/json/ffc_h3z6.json> (referer: http://56070.la/json/ffc_h3z6.json)
2018-01-26 20:07:44 [scrapy.core.engine] DEBUG: Crawled (200) <GET http://56070.la/json/ffc.json> (referer: http://56070.la/json/ffc.json)
2018-01-26 20:07:50 [scrapy.core.engine] DEBUG: Crawled (200) <GET http://56070.la/json/ffc_h2zx.json> (referer: http://56070.la/json/ffc_h2zx.json)
2018-01-26 20:07:57 [scrapy.core.engine] DEBUG: Crawled (200) <GET http://56070.la/json/ffc_h3zx.json> (referer: http://56070.la/json/ffc_h3zx.json)
2018-01-26 20:08:04 [scrapy.core.engine] DEBUG: Crawled (200) <GET http://56070.la/json/ffc_h3z6.json> (referer: http://56070.la/json/ffc_h3z6.json)
2018-01-26 20:08:11 [scrapy.extensions.logstats] INFO: Crawled 80 pages (at 9 pages/min), scraped 0 items (at 0 items/min)
2018-01-26 20:08:11 [scrapy.core.engine] DEBUG: Crawled (200) <GET http://56070.la/json/ffc.json> (referer: http://56070.la/json/ffc.json)
2018-01-26 20:08:18 [scrapy.core.engine] DEBUG: Crawled (200) <GET http://56070.la/json/ffc_h2zx.json> (referer: http://56070.la/json/ffc_h2zx.json)
2018-01-26 20:08:25 [scrapy.core.engine] DEBUG: Crawled (200) <GET http://56070.la/json/ffc_h3zx.json> (referer: http://56070.la/json/ffc_h3zx.json)
2018-01-26 20:08:31 [scrapy.core.engine] DEBUG: Crawled (200) <GET http://56070.la/json/ffc_h3z6.json> (referer: http://56070.la/json/ffc_h3z6.json)
2018-01-26 20:08:38 [scrapy.core.engine] DEBUG: Crawled (200) <GET http://56070.la/json/ffc.json> (referer: http://56070.la/json/ffc.json)
2018-01-26 20:08:45 [scrapy.core.engine] DEBUG: Crawled (200) <GET http://56070.la/json/ffc_h2zx.json> (referer: http://56070.la/json/ffc_h2zx.json)
2018-01-26 20:08:52 [scrapy.core.engine] DEBUG: Crawled (200) <GET http://56070.la/json/ffc_h3zx.json> (referer: http://56070.la/json/ffc_h3zx.json)
2018-01-26 20:08:59 [scrapy.core.engine] DEBUG: Crawled (200) <GET http://56070.la/json/ffc_h3z6.json> (referer: http://56070.la/json/ffc_h3z6.json)
2018-01-26 20:09:05 [scrapy.core.engine] DEBUG: Crawled (200) <GET http://56070.la/json/ffc.json> (referer: http://56070.la/json/ffc.json)
2018-01-26 20:09:12 [scrapy.extensions.logstats] INFO: Crawled 89 pages (at 9 pages/min), scraped 0 items (at 0 items/min)
2018-01-26 20:09:12 [scrapy.core.engine] DEBUG: Crawled (200) <GET http://56070.la/json/ffc_h2zx.json> (referer: http://56070.la/json/ffc_h2zx.json)
2018-01-26 20:09:19 [scrapy.core.engine] DEBUG: Crawled (200) <GET http://56070.la/json/ffc_h3zx.json> (referer: http://56070.la/json/ffc_h3zx.json)
2018-01-26 20:09:26 [scrapy.core.engine] DEBUG: Crawled (200) <GET http://56070.la/json/ffc_h3z6.json> (referer: http://56070.la/json/ffc_h3z6.json)
2018-01-26 20:09:33 [scrapy.core.engine] DEBUG: Crawled (200) <GET http://56070.la/json/ffc.json> (referer: http://56070.la/json/ffc.json)
2018-01-26 20:09:40 [scrapy.core.engine] DEBUG: Crawled (200) <GET http://56070.la/json/ffc_h2zx.json> (referer: http://56070.la/json/ffc_h2zx.json)
2018-01-26 20:09:46 [scrapy.core.engine] DEBUG: Crawled (200) <GET http://56070.la/json/ffc_h3zx.json> (referer: http://56070.la/json/ffc_h3zx.json)
2018-01-26 20:09:53 [scrapy.core.engine] DEBUG: Crawled (200) <GET http://56070.la/json/ffc_h3z6.json> (referer: http://56070.la/json/ffc_h3z6.json)
2018-01-26 20:10:00 [scrapy.core.engine] DEBUG: Crawled (200) <GET http://56070.la/json/ffc.json> (referer: http://56070.la/json/ffc.json)
2018-01-26 20:10:07 [scrapy.extensions.logstats] INFO: Crawled 97 pages (at 8 pages/min), scraped 0 items (at 0 items/min)
2018-01-26 20:10:07 [scrapy.core.engine] DEBUG: Crawled (200) <GET http://56070.la/json/ffc_h2zx.json> (referer: http://56070.la/json/ffc_h2zx.json)
2018-01-26 20:10:14 [scrapy.core.engine] DEBUG: Crawled (200) <GET http://56070.la/json/ffc_h3zx.json> (referer: http://56070.la/json/ffc_h3zx.json)
2018-01-26 20:10:20 [scrapy.core.engine] DEBUG: Crawled (200) <GET http://56070.la/json/ffc_h3z6.json> (referer: http://56070.la/json/ffc_h3z6.json)
2018-01-26 20:10:27 [scrapy.core.engine] DEBUG: Crawled (200) <GET http://56070.la/json/ffc.json> (referer: http://56070.la/json/ffc.json)
2018-01-26 20:10:34 [scrapy.core.engine] DEBUG: Crawled (200) <GET http://56070.la/json/ffc_h2zx.json> (referer: http://56070.la/json/ffc_h2zx.json)
2018-01-26 20:10:41 [scrapy.core.engine] DEBUG: Crawled (200) <GET http://56070.la/json/ffc_h3zx.json> (referer: http://56070.la/json/ffc_h3zx.json)
2018-01-26 20:10:48 [scrapy.core.engine] DEBUG: Crawled (200) <GET http://56070.la/json/ffc_h3z6.json> (referer: http://56070.la/json/ffc_h3z6.json)
2018-01-26 20:10:55 [scrapy.core.engine] DEBUG: Crawled (200) <GET http://56070.la/json/ffc.json> (referer: http://56070.la/json/ffc.json)
2018-01-26 20:11:01 [scrapy.core.engine] DEBUG: Crawled (200) <GET http://56070.la/json/ffc_h2zx.json> (referer: http://56070.la/json/ffc_h2zx.json)
2018-01-26 20:11:08 [scrapy.extensions.logstats] INFO: Crawled 106 pages (at 9 pages/min), scraped 0 items (at 0 items/min)
2018-01-26 20:11:08 [scrapy.core.engine] DEBUG: Crawled (200) <GET http://56070.la/json/ffc_h3zx.json> (referer: http://56070.la/json/ffc_h3zx.json)
2018-01-26 20:11:15 [scrapy.core.engine] DEBUG: Crawled (200) <GET http://56070.la/json/ffc_h3z6.json> (referer: http://56070.la/json/ffc_h3z6.json)
2018-01-26 20:11:22 [scrapy.core.engine] DEBUG: Crawled (200) <GET http://56070.la/json/ffc.json> (referer: http://56070.la/json/ffc.json)
2018-01-26 20:11:29 [scrapy.core.engine] DEBUG: Crawled (200) <GET http://56070.la/json/ffc_h2zx.json> (referer: http://56070.la/json/ffc_h2zx.json)
2018-01-26 20:11:35 [scrapy.core.engine] DEBUG: Crawled (200) <GET http://56070.la/json/ffc_h3zx.json> (referer: http://56070.la/json/ffc_h3zx.json)
2018-01-26 20:11:42 [scrapy.core.engine] DEBUG: Crawled (200) <GET http://56070.la/json/ffc_h3z6.json> (referer: http://56070.la/json/ffc_h3z6.json)
2018-01-26 20:11:49 [scrapy.core.engine] DEBUG: Crawled (200) <GET http://56070.la/json/ffc.json> (referer: http://56070.la/json/ffc.json)
2018-01-26 20:11:56 [scrapy.core.engine] DEBUG: Crawled (200) <GET http://56070.la/json/ffc_h2zx.json> (referer: http://56070.la/json/ffc_h2zx.json)
2018-01-26 20:12:03 [scrapy.core.engine] DEBUG: Crawled (200) <GET http://56070.la/json/ffc_h3zx.json> (referer: http://56070.la/json/ffc_h3zx.json)
2018-01-26 20:12:10 [scrapy.extensions.logstats] INFO: Crawled 115 pages (at 9 pages/min), scraped 0 items (at 0 items/min)
2018-01-26 20:12:10 [scrapy.core.engine] DEBUG: Crawled (200) <GET http://56070.la/json/ffc_h3z6.json> (referer: http://56070.la/json/ffc_h3z6.json)
2018-01-26 20:12:16 [scrapy.core.engine] DEBUG: Crawled (200) <GET http://56070.la/json/ffc.json> (referer: http://56070.la/json/ffc.json)
2018-01-26 20:12:23 [scrapy.core.engine] DEBUG: Crawled (200) <GET http://56070.la/json/ffc_h2zx.json> (referer: http://56070.la/json/ffc_h2zx.json)
2018-01-26 20:12:30 [scrapy.core.engine] DEBUG: Crawled (200) <GET http://56070.la/json/ffc_h3zx.json> (referer: http://56070.la/json/ffc_h3zx.json)
2018-01-26 20:12:37 [scrapy.core.engine] DEBUG: Crawled (200) <GET http://56070.la/json/ffc_h3z6.json> (referer: http://56070.la/json/ffc_h3z6.json)
2018-01-26 20:12:44 [scrapy.core.engine] DEBUG: Crawled (200) <GET http://56070.la/json/ffc.json> (referer: http://56070.la/json/ffc.json)
2018-01-26 20:12:50 [scrapy.core.engine] DEBUG: Crawled (200) <GET http://56070.la/json/ffc_h2zx.json> (referer: http://56070.la/json/ffc_h2zx.json)
2018-01-26 20:12:57 [scrapy.core.engine] DEBUG: Crawled (200) <GET http://56070.la/json/ffc_h3zx.json> (referer: http://56070.la/json/ffc_h3zx.json)
2018-01-26 20:13:04 [scrapy.core.engine] DEBUG: Crawled (200) <GET http://56070.la/json/ffc_h3z6.json> (referer: http://56070.la/json/ffc_h3z6.json)
2018-01-26 20:13:11 [scrapy.extensions.logstats] INFO: Crawled 124 pages (at 9 pages/min), scraped 0 items (at 0 items/min)
2018-01-26 20:13:11 [scrapy.core.engine] DEBUG: Crawled (200) <GET http://56070.la/json/ffc.json> (referer: http://56070.la/json/ffc.json)
2018-01-26 20:13:18 [scrapy.core.engine] DEBUG: Crawled (200) <GET http://56070.la/json/ffc_h2zx.json> (referer: http://56070.la/json/ffc_h2zx.json)
2018-01-26 20:13:25 [scrapy.core.engine] DEBUG: Crawled (200) <GET http://56070.la/json/ffc_h3zx.json> (referer: http://56070.la/json/ffc_h3zx.json)
2018-01-26 20:13:31 [scrapy.core.engine] DEBUG: Crawled (200) <GET http://56070.la/json/ffc_h3z6.json> (referer: http://56070.la/json/ffc_h3z6.json)
2018-01-26 20:13:38 [scrapy.core.engine] DEBUG: Crawled (200) <GET http://56070.la/json/ffc.json> (referer: http://56070.la/json/ffc.json)
2018-01-26 20:13:45 [scrapy.core.engine] DEBUG: Crawled (200) <GET http://56070.la/json/ffc_h2zx.json> (referer: http://56070.la/json/ffc_h2zx.json)
2018-01-26 20:13:52 [scrapy.core.engine] DEBUG: Crawled (200) <GET http://56070.la/json/ffc_h3zx.json> (referer: http://56070.la/json/ffc_h3zx.json)
2018-01-26 20:13:59 [scrapy.core.engine] DEBUG: Crawled (200) <GET http://56070.la/json/ffc_h3z6.json> (referer: http://56070.la/json/ffc_h3z6.json)
2018-01-26 20:14:05 [scrapy.core.engine] DEBUG: Crawled (200) <GET http://56070.la/json/ffc.json> (referer: http://56070.la/json/ffc.json)
2018-01-26 20:14:12 [scrapy.extensions.logstats] INFO: Crawled 133 pages (at 9 pages/min), scraped 0 items (at 0 items/min)
2018-01-26 20:14:12 [scrapy.core.engine] DEBUG: Crawled (200) <GET http://56070.la/json/ffc_h2zx.json> (referer: http://56070.la/json/ffc_h2zx.json)
2018-01-26 20:14:19 [scrapy.core.engine] DEBUG: Crawled (200) <GET http://56070.la/json/ffc_h3zx.json> (referer: http://56070.la/json/ffc_h3zx.json)
2018-01-26 20:14:26 [scrapy.core.engine] DEBUG: Crawled (200) <GET http://56070.la/json/ffc_h3z6.json> (referer: http://56070.la/json/ffc_h3z6.json)
2018-01-26 20:14:33 [scrapy.core.engine] DEBUG: Crawled (200) <GET http://56070.la/json/ffc.json> (referer: http://56070.la/json/ffc.json)
2018-01-26 20:14:39 [scrapy.core.engine] DEBUG: Crawled (200) <GET http://56070.la/json/ffc_h2zx.json> (referer: http://56070.la/json/ffc_h2zx.json)
2018-01-26 20:14:46 [scrapy.core.engine] DEBUG: Crawled (200) <GET http://56070.la/json/ffc_h3zx.json> (referer: http://56070.la/json/ffc_h3zx.json)
2018-01-26 20:14:53 [scrapy.core.engine] DEBUG: Crawled (200) <GET http://56070.la/json/ffc_h3z6.json> (referer: http://56070.la/json/ffc_h3z6.json)
2018-01-26 20:15:00 [scrapy.core.engine] DEBUG: Crawled (200) <GET http://56070.la/json/ffc.json> (referer: http://56070.la/json/ffc.json)
2018-01-26 20:15:07 [scrapy.extensions.logstats] INFO: Crawled 141 pages (at 8 pages/min), scraped 0 items (at 0 items/min)
2018-01-26 20:15:07 [scrapy.core.engine] DEBUG: Crawled (200) <GET http://56070.la/json/ffc_h2zx.json> (referer: http://56070.la/json/ffc_h2zx.json)
2018-01-26 20:15:14 [scrapy.core.engine] DEBUG: Crawled (200) <GET http://56070.la/json/ffc_h3zx.json> (referer: http://56070.la/json/ffc_h3zx.json)
2018-01-26 20:15:20 [scrapy.core.engine] DEBUG: Crawled (200) <GET http://56070.la/json/ffc_h3z6.json> (referer: http://56070.la/json/ffc_h3z6.json)
2018-01-26 20:15:27 [scrapy.core.engine] DEBUG: Crawled (200) <GET http://56070.la/json/ffc.json> (referer: http://56070.la/json/ffc.json)
2018-01-26 20:15:34 [scrapy.core.engine] DEBUG: Crawled (200) <GET http://56070.la/json/ffc_h2zx.json> (referer: http://56070.la/json/ffc_h2zx.json)
2018-01-26 20:15:41 [scrapy.core.engine] DEBUG: Crawled (200) <GET http://56070.la/json/ffc_h3zx.json> (referer: http://56070.la/json/ffc_h3zx.json)
2018-01-26 20:15:48 [scrapy.core.engine] DEBUG: Crawled (200) <GET http://56070.la/json/ffc_h3z6.json> (referer: http://56070.la/json/ffc_h3z6.json)
2018-01-26 20:15:54 [scrapy.core.engine] DEBUG: Crawled (200) <GET http://56070.la/json/ffc.json> (referer: http://56070.la/json/ffc.json)
