2018-01-26 20:40:31 [scrapy.utils.log] INFO: Scrapy 1.4.0 started (bot: cp_plan)
2018-01-26 20:40:31 [scrapy.utils.log] INFO: Overridden settings: {'BOT_NAME': 'cp_plan', 'DOWNLOAD_DELAY': 1.5, 'FEED_EXPORT_ENCODING': 'utf-8', 'LOG_FILE': 'logs\\cp_plan\\xfft\\07027ce2029611e8a249089e01bd501c.log', 'NEWSPIDER_MODULE': 'cp_plan.spiders', 'SPIDER_MODULES': ['cp_plan.spiders']}
2018-01-26 20:40:31 [scrapy.middleware] INFO: Enabled extensions:
['scrapy.extensions.corestats.CoreStats',
 'scrapy.extensions.telnet.TelnetConsole',
 'scrapy.extensions.logstats.LogStats']
2018-01-26 20:40:31 [scrapy.middleware] INFO: Enabled downloader middlewares:
['scrapy.downloadermiddlewares.httpauth.HttpAuthMiddleware',
 'scrapy.downloadermiddlewares.downloadtimeout.DownloadTimeoutMiddleware',
 'scrapy.downloadermiddlewares.defaultheaders.DefaultHeadersMiddleware',
 'scrapy.downloadermiddlewares.useragent.UserAgentMiddleware',
 'cp_plan.middlewares.RandomUserAgent',
 'scrapy.downloadermiddlewares.retry.RetryMiddleware',
 'scrapy.downloadermiddlewares.redirect.MetaRefreshMiddleware',
 'scrapy.downloadermiddlewares.httpcompression.HttpCompressionMiddleware',
 'scrapy.downloadermiddlewares.redirect.RedirectMiddleware',
 'scrapy.downloadermiddlewares.cookies.CookiesMiddleware',
 'scrapy.downloadermiddlewares.httpproxy.HttpProxyMiddleware',
 'scrapy.downloadermiddlewares.stats.DownloaderStats']
2018-01-26 20:40:31 [scrapy.middleware] INFO: Enabled spider middlewares:
['scrapy.spidermiddlewares.httperror.HttpErrorMiddleware',
 'scrapy.spidermiddlewares.offsite.OffsiteMiddleware',
 'scrapy.spidermiddlewares.referer.RefererMiddleware',
 'scrapy.spidermiddlewares.urllength.UrlLengthMiddleware',
 'scrapy.spidermiddlewares.depth.DepthMiddleware']
2018-01-26 20:40:31 [scrapy.middleware] INFO: Enabled item pipelines:
['cp_plan.pipelines.CpPlanPipeline']
2018-01-26 20:40:31 [scrapy.core.engine] INFO: Spider opened
2018-01-26 20:40:31 [scrapy.extensions.logstats] INFO: Crawled 0 pages (at 0 pages/min), scraped 0 items (at 0 items/min)
2018-01-26 20:40:31 [scrapy.extensions.telnet] DEBUG: Telnet console listening on 127.0.0.1:6030
2018-01-26 20:40:31 [scrapy.core.engine] DEBUG: Crawled (200) <GET http://56070.la/json/pk10.json> (referer: None)
2018-01-26 20:40:38 [scrapy.core.engine] DEBUG: Crawled (200) <GET http://56070.la/json/pk10.json> (referer: http://56070.la/json/pk10.json)
2018-01-26 20:40:45 [scrapy.core.engine] DEBUG: Crawled (200) <GET http://56070.la/json/pk10.json> (referer: http://56070.la/json/pk10.json)
2018-01-26 20:40:51 [scrapy.core.engine] DEBUG: Crawled (200) <GET http://56070.la/json/pk10.json> (referer: http://56070.la/json/pk10.json)
2018-01-26 20:40:58 [scrapy.core.engine] DEBUG: Crawled (200) <GET http://56070.la/json/pk10.json> (referer: http://56070.la/json/pk10.json)
2018-01-26 20:41:05 [scrapy.core.engine] DEBUG: Crawled (200) <GET http://56070.la/json/pk10.json> (referer: http://56070.la/json/pk10.json)
2018-01-26 20:41:12 [scrapy.core.engine] DEBUG: Crawled (200) <GET http://56070.la/json/pk10.json> (referer: http://56070.la/json/pk10.json)
2018-01-26 20:41:19 [scrapy.core.engine] DEBUG: Crawled (200) <GET http://56070.la/json/pk10.json> (referer: http://56070.la/json/pk10.json)
2018-01-26 20:41:25 [scrapy.core.engine] DEBUG: Crawled (200) <GET http://56070.la/json/pk10.json> (referer: http://56070.la/json/pk10.json)
2018-01-26 20:41:32 [scrapy.extensions.logstats] INFO: Crawled 9 pages (at 9 pages/min), scraped 0 items (at 0 items/min)
2018-01-26 20:41:32 [scrapy.core.engine] DEBUG: Crawled (200) <GET http://56070.la/json/pk10.json> (referer: http://56070.la/json/pk10.json)
2018-01-26 20:41:39 [scrapy.core.engine] DEBUG: Crawled (200) <GET http://56070.la/json/pk10.json> (referer: http://56070.la/json/pk10.json)
2018-01-26 20:41:46 [scrapy.core.engine] DEBUG: Crawled (200) <GET http://56070.la/json/pk10.json> (referer: http://56070.la/json/pk10.json)
2018-01-26 20:41:53 [scrapy.core.engine] DEBUG: Crawled (200) <GET http://56070.la/json/pk10.json> (referer: http://56070.la/json/pk10.json)
2018-01-26 20:41:59 [scrapy.core.engine] DEBUG: Crawled (200) <GET http://56070.la/json/pk10.json> (referer: http://56070.la/json/pk10.json)
2018-01-26 20:42:06 [scrapy.core.engine] DEBUG: Crawled (200) <GET http://56070.la/json/pk10.json> (referer: http://56070.la/json/pk10.json)
2018-01-26 20:42:13 [scrapy.core.engine] DEBUG: Crawled (200) <GET http://56070.la/json/pk10.json> (referer: http://56070.la/json/pk10.json)
2018-01-27 09:11:11 [scrapy.extensions.logstats] INFO: Crawled 16 pages (at 7 pages/min), scraped 0 items (at 0 items/min)
2018-01-27 09:11:11 [scrapy.core.engine] DEBUG: Crawled (200) <GET http://56070.la/json/pk10.json> (referer: http://56070.la/json/pk10.json)
2018-01-27 09:11:13 [scrapy.core.engine] DEBUG: Crawled (200) <GET http://56070.la/json/pk10.json> (referer: http://56070.la/json/pk10.json)
2018-01-27 09:11:13 [scrapy.core.scraper] DEBUG: Scraped from <200 http://56070.la/json/pk10.json>
{'title': '879-881期 冠军【03 05 06 08 10】第1期 879期 等开'}
2018-01-27 09:11:13 [scrapy.core.scraper] DEBUG: Scraped from <200 http://56070.la/json/pk10.json>
{'gameId': '极速赛车',
 'title': '878-880期 冠军【03 05 06 07 08】第1期 878期 06 中',
 'type': '冠军'}
2018-01-27 09:11:13 [scrapy.core.scraper] DEBUG: Scraped from <200 http://56070.la/json/pk10.json>
{'N1': '6',
 'N10': '1',
 'N2': '9',
 'N3': '8',
 'N4': '7',
 'N5': '10',
 'N6': '5',
 'N7': '2',
 'N8': '3',
 'N9': '4',
 'gameId': '极速赛车',
 'gamedate': 663878}
2018-01-27 09:11:13 [scrapy.core.engine] INFO: Closing spider (finished)
2018-01-27 09:11:13 [scrapy.statscollectors] INFO: Dumping Scrapy stats:
{'downloader/request_bytes': 4657,
 'downloader/request_count': 18,
 'downloader/request_method_count/GET': 18,
 'downloader/response_bytes': 130550,
 'downloader/response_count': 18,
 'downloader/response_status_count/200': 18,
 'finish_reason': 'finished',
 'finish_time': datetime.datetime(2018, 1, 27, 1, 11, 13, 367059),
 'item_scraped_count': 3,
 'log_count/DEBUG': 22,
 'log_count/INFO': 9,
 'request_depth_max': 17,
 'response_received_count': 18,
 'scheduler/dequeued': 18,
 'scheduler/dequeued/memory': 18,
 'scheduler/enqueued': 18,
 'scheduler/enqueued/memory': 18,
 'start_time': datetime.datetime(2018, 1, 26, 12, 40, 31, 402284)}
2018-01-27 09:11:13 [scrapy.core.engine] INFO: Spider closed (finished)
