2018-01-27 09:11:44 [scrapy.utils.log] INFO: Scrapy 1.4.0 started (bot: cp_plan)
2018-01-27 09:11:44 [scrapy.utils.log] INFO: Overridden settings: {'BOT_NAME': 'cp_plan', 'DOWNLOAD_DELAY': 1.5, 'FEED_EXPORT_ENCODING': 'utf-8', 'LOG_FILE': 'logs\\cp_plan\\pcdd\\fbb0de3802fe11e88fe7089e01bd501c.log', 'NEWSPIDER_MODULE': 'cp_plan.spiders', 'SPIDER_MODULES': ['cp_plan.spiders']}
2018-01-27 09:11:44 [scrapy.middleware] INFO: Enabled extensions:
['scrapy.extensions.corestats.CoreStats',
 'scrapy.extensions.telnet.TelnetConsole',
 'scrapy.extensions.logstats.LogStats']
2018-01-27 09:11:44 [scrapy.middleware] INFO: Enabled downloader middlewares:
['scrapy.downloadermiddlewares.httpauth.HttpAuthMiddleware',
 'scrapy.downloadermiddlewares.downloadtimeout.DownloadTimeoutMiddleware',
 'scrapy.downloadermiddlewares.defaultheaders.DefaultHeadersMiddleware',
 'scrapy.downloadermiddlewares.useragent.UserAgentMiddleware',
 'cp_plan.middlewares.RandomUserAgent',
 'scrapy.downloadermiddlewares.retry.RetryMiddleware',
 'scrapy.downloadermiddlewares.redirect.MetaRefreshMiddleware',
 'scrapy.downloadermiddlewares.httpcompression.HttpCompressionMiddleware',
 'scrapy.downloadermiddlewares.redirect.RedirectMiddleware',
 'scrapy.downloadermiddlewares.cookies.CookiesMiddleware',
 'scrapy.downloadermiddlewares.httpproxy.HttpProxyMiddleware',
 'scrapy.downloadermiddlewares.stats.DownloaderStats']
2018-01-27 09:11:44 [scrapy.middleware] INFO: Enabled spider middlewares:
['scrapy.spidermiddlewares.httperror.HttpErrorMiddleware',
 'scrapy.spidermiddlewares.offsite.OffsiteMiddleware',
 'scrapy.spidermiddlewares.referer.RefererMiddleware',
 'scrapy.spidermiddlewares.urllength.UrlLengthMiddleware',
 'scrapy.spidermiddlewares.depth.DepthMiddleware']
2018-01-27 09:11:44 [scrapy.middleware] INFO: Enabled item pipelines:
['cp_plan.pipelines.CpPlanPipeline']
2018-01-27 09:11:44 [scrapy.core.engine] INFO: Spider opened
2018-01-27 09:11:44 [scrapy.extensions.logstats] INFO: Crawled 0 pages (at 0 pages/min), scraped 0 items (at 0 items/min)
2018-01-27 09:11:44 [scrapy.extensions.telnet] DEBUG: Telnet console listening on 127.0.0.1:6029
2018-01-27 09:11:48 [scrapy.core.engine] DEBUG: Crawled (200) <GET http://56070.la/json/pcdd.json> (referer: None)
2018-01-27 09:11:55 [scrapy.core.engine] DEBUG: Crawled (200) <GET http://56070.la/json/pcdd.json> (referer: http://56070.la/json/pcdd.json)
2018-01-27 09:12:01 [scrapy.core.engine] DEBUG: Crawled (200) <GET http://56070.la/json/pcdd.json> (referer: http://56070.la/json/pcdd.json)
2018-01-27 09:12:08 [scrapy.core.engine] DEBUG: Crawled (200) <GET http://56070.la/json/pcdd.json> (referer: http://56070.la/json/pcdd.json)
2018-01-27 09:12:15 [scrapy.core.engine] DEBUG: Crawled (200) <GET http://56070.la/json/pcdd.json> (referer: http://56070.la/json/pcdd.json)
2018-01-27 09:12:22 [scrapy.core.engine] DEBUG: Crawled (200) <GET http://56070.la/json/pcdd.json> (referer: http://56070.la/json/pcdd.json)
2018-01-27 09:12:29 [scrapy.core.engine] DEBUG: Crawled (200) <GET http://56070.la/json/pcdd.json> (referer: http://56070.la/json/pcdd.json)
2018-01-27 09:12:35 [scrapy.core.engine] DEBUG: Crawled (200) <GET http://56070.la/json/pcdd.json> (referer: http://56070.la/json/pcdd.json)
2018-01-27 09:12:42 [scrapy.core.engine] DEBUG: Crawled (200) <GET http://56070.la/json/pcdd.json> (referer: http://56070.la/json/pcdd.json)
2018-01-27 09:12:49 [scrapy.extensions.logstats] INFO: Crawled 9 pages (at 9 pages/min), scraped 0 items (at 0 items/min)
2018-01-27 09:12:49 [scrapy.core.engine] DEBUG: Crawled (200) <GET http://56070.la/json/pcdd.json> (referer: http://56070.la/json/pcdd.json)
2018-01-27 09:12:56 [scrapy.core.engine] DEBUG: Crawled (200) <GET http://56070.la/json/pcdd.json> (referer: http://56070.la/json/pcdd.json)
2018-01-27 09:13:03 [scrapy.core.engine] DEBUG: Crawled (200) <GET http://56070.la/json/pcdd.json> (referer: http://56070.la/json/pcdd.json)
2018-01-27 09:13:09 [scrapy.core.engine] DEBUG: Crawled (200) <GET http://56070.la/json/pcdd.json> (referer: http://56070.la/json/pcdd.json)
2018-01-27 09:13:16 [scrapy.core.engine] DEBUG: Crawled (200) <GET http://56070.la/json/pcdd.json> (referer: http://56070.la/json/pcdd.json)
2018-01-27 09:13:23 [scrapy.core.engine] DEBUG: Crawled (200) <GET http://56070.la/json/pcdd.json> (referer: http://56070.la/json/pcdd.json)
2018-01-27 09:13:30 [scrapy.core.engine] DEBUG: Crawled (200) <GET http://56070.la/json/pcdd.json> (referer: http://56070.la/json/pcdd.json)
2018-01-27 09:13:36 [scrapy.core.engine] DEBUG: Crawled (200) <GET http://56070.la/json/pcdd.json> (referer: http://56070.la/json/pcdd.json)
2018-01-27 09:13:43 [scrapy.core.engine] DEBUG: Crawled (200) <GET http://56070.la/json/pcdd.json> (referer: http://56070.la/json/pcdd.json)
2018-01-27 09:13:50 [scrapy.extensions.logstats] INFO: Crawled 18 pages (at 9 pages/min), scraped 0 items (at 0 items/min)
2018-01-27 09:13:50 [scrapy.core.engine] DEBUG: Crawled (200) <GET http://56070.la/json/pcdd.json> (referer: http://56070.la/json/pcdd.json)
2018-01-27 09:13:57 [scrapy.core.engine] DEBUG: Crawled (200) <GET http://56070.la/json/pcdd.json> (referer: http://56070.la/json/pcdd.json)
2018-01-27 09:14:04 [scrapy.core.engine] DEBUG: Crawled (200) <GET http://56070.la/json/pcdd.json> (referer: http://56070.la/json/pcdd.json)
2018-01-27 09:14:10 [scrapy.core.engine] DEBUG: Crawled (200) <GET http://56070.la/json/pcdd.json> (referer: http://56070.la/json/pcdd.json)
2018-01-27 09:14:17 [scrapy.core.engine] DEBUG: Crawled (200) <GET http://56070.la/json/pcdd.json> (referer: http://56070.la/json/pcdd.json)
2018-01-27 09:14:24 [scrapy.core.engine] DEBUG: Crawled (200) <GET http://56070.la/json/pcdd.json> (referer: http://56070.la/json/pcdd.json)
2018-01-27 09:14:31 [scrapy.core.engine] DEBUG: Crawled (200) <GET http://56070.la/json/pcdd.json> (referer: http://56070.la/json/pcdd.json)
2018-01-27 09:14:38 [scrapy.core.engine] DEBUG: Crawled (200) <GET http://56070.la/json/pcdd.json> (referer: http://56070.la/json/pcdd.json)
2018-01-27 09:14:44 [scrapy.extensions.logstats] INFO: Crawled 26 pages (at 8 pages/min), scraped 0 items (at 0 items/min)
2018-01-27 09:14:44 [scrapy.core.engine] DEBUG: Crawled (200) <GET http://56070.la/json/pcdd.json> (referer: http://56070.la/json/pcdd.json)
2018-01-27 09:14:51 [scrapy.core.engine] DEBUG: Crawled (200) <GET http://56070.la/json/pcdd.json> (referer: http://56070.la/json/pcdd.json)
2018-01-27 09:14:58 [scrapy.core.engine] DEBUG: Crawled (200) <GET http://56070.la/json/pcdd.json> (referer: http://56070.la/json/pcdd.json)
2018-01-27 09:15:05 [scrapy.core.engine] DEBUG: Crawled (200) <GET http://56070.la/json/pcdd.json> (referer: http://56070.la/json/pcdd.json)
2018-01-27 09:15:12 [scrapy.core.engine] DEBUG: Crawled (200) <GET http://56070.la/json/pcdd.json> (referer: http://56070.la/json/pcdd.json)
2018-01-27 09:15:18 [scrapy.core.engine] DEBUG: Crawled (200) <GET http://56070.la/json/pcdd.json> (referer: http://56070.la/json/pcdd.json)
2018-01-27 09:15:20 [scrapy.core.engine] DEBUG: Crawled (200) <GET http://56070.la/json/pcdd.json> (referer: http://56070.la/json/pcdd.json)
2018-01-27 09:15:20 [scrapy.core.scraper] DEBUG: Scraped from <200 http://56070.la/json/pcdd.json>
{'title': '307-309期 个位【1 2 3 6 8】第2期 308期 等开'}
2018-01-27 09:15:20 [scrapy.core.scraper] DEBUG: Scraped from <200 http://56070.la/json/pcdd.json>
{'gameId': 'PC蛋蛋',
 'title': '306-308期 个位【1 3 4 6 7】第1期 306期 886 中',
 'type': '个位'}
2018-01-27 09:15:20 [scrapy.core.scraper] DEBUG: Scraped from <200 http://56070.la/json/pcdd.json>
{'gameId': 'PC蛋蛋',
 'title': '305-307期 个位【2 4 5 6 9】第1期 305期 509 中',
 'type': '个位'}
2018-01-27 09:15:20 [scrapy.core.scraper] DEBUG: Scraped from <200 http://56070.la/json/pcdd.json>
{'N1': '6', 'N2': '6', 'N3': '5', 'gameId': 'PC蛋蛋', 'gamedate': 869307}
2018-01-27 09:15:20 [scrapy.core.engine] INFO: Closing spider (finished)
2018-01-27 09:15:20 [scrapy.statscollectors] INFO: Dumping Scrapy stats:
{'downloader/request_bytes': 8572,
 'downloader/request_count': 33,
 'downloader/request_method_count/GET': 33,
 'downloader/response_bytes': 22011,
 'downloader/response_count': 33,
 'downloader/response_status_count/200': 33,
 'finish_reason': 'finished',
 'finish_time': datetime.datetime(2018, 1, 27, 1, 15, 20, 837052),
 'item_scraped_count': 4,
 'log_count/DEBUG': 38,
 'log_count/INFO': 10,
 'request_depth_max': 32,
 'response_received_count': 33,
 'scheduler/dequeued': 33,
 'scheduler/dequeued/memory': 33,
 'scheduler/enqueued': 33,
 'scheduler/enqueued/memory': 33,
 'start_time': datetime.datetime(2018, 1, 27, 1, 11, 44, 623864)}
2018-01-27 09:15:20 [scrapy.core.engine] INFO: Spider closed (finished)
