2018-01-26 19:57:25 [scrapy.utils.log] INFO: Scrapy 1.4.0 started (bot: cp_plan)
2018-01-26 19:57:25 [scrapy.utils.log] INFO: Overridden settings: {'BOT_NAME': 'cp_plan', 'DOWNLOAD_DELAY': 1.5, 'FEED_EXPORT_ENCODING': 'utf-8', 'LOG_FILE': 'logs\\cp_plan\\ffc\\04ab5d7a029011e8bfa9089e01bd501c.log', 'NEWSPIDER_MODULE': 'cp_plan.spiders', 'SPIDER_MODULES': ['cp_plan.spiders']}
2018-01-26 19:57:25 [scrapy.middleware] INFO: Enabled extensions:
['scrapy.extensions.corestats.CoreStats',
 'scrapy.extensions.telnet.TelnetConsole',
 'scrapy.extensions.logstats.LogStats']
2018-01-26 19:57:25 [scrapy.middleware] INFO: Enabled downloader middlewares:
['scrapy.downloadermiddlewares.httpauth.HttpAuthMiddleware',
 'scrapy.downloadermiddlewares.downloadtimeout.DownloadTimeoutMiddleware',
 'scrapy.downloadermiddlewares.defaultheaders.DefaultHeadersMiddleware',
 'scrapy.downloadermiddlewares.useragent.UserAgentMiddleware',
 'cp_plan.middlewares.RandomUserAgent',
 'scrapy.downloadermiddlewares.retry.RetryMiddleware',
 'scrapy.downloadermiddlewares.redirect.MetaRefreshMiddleware',
 'scrapy.downloadermiddlewares.httpcompression.HttpCompressionMiddleware',
 'scrapy.downloadermiddlewares.redirect.RedirectMiddleware',
 'scrapy.downloadermiddlewares.cookies.CookiesMiddleware',
 'scrapy.downloadermiddlewares.httpproxy.HttpProxyMiddleware',
 'scrapy.downloadermiddlewares.stats.DownloaderStats']
2018-01-26 19:57:25 [scrapy.middleware] INFO: Enabled spider middlewares:
['scrapy.spidermiddlewares.httperror.HttpErrorMiddleware',
 'scrapy.spidermiddlewares.offsite.OffsiteMiddleware',
 'scrapy.spidermiddlewares.referer.RefererMiddleware',
 'scrapy.spidermiddlewares.urllength.UrlLengthMiddleware',
 'scrapy.spidermiddlewares.depth.DepthMiddleware']
2018-01-26 19:57:25 [scrapy.middleware] INFO: Enabled item pipelines:
['cp_plan.pipelines.CpPlanPipeline']
2018-01-26 19:57:25 [scrapy.core.engine] INFO: Spider opened
2018-01-26 19:57:25 [scrapy.extensions.logstats] INFO: Crawled 0 pages (at 0 pages/min), scraped 0 items (at 0 items/min)
2018-01-26 19:57:25 [scrapy.extensions.telnet] DEBUG: Telnet console listening on 127.0.0.1:6033
2018-01-26 19:57:26 [scrapy.core.engine] DEBUG: Crawled (200) <GET http://56070.la/json/ffc.json> (referer: None)
2018-01-26 19:57:32 [scrapy.core.engine] DEBUG: Crawled (200) <GET http://56070.la/json/ffc_h2zx.json> (referer: None)
2018-01-26 19:57:39 [scrapy.core.engine] DEBUG: Crawled (200) <GET http://56070.la/json/ffc_h3zx.json> (referer: None)
2018-01-26 19:57:46 [scrapy.core.engine] DEBUG: Crawled (200) <GET http://56070.la/json/ffc_h3z6.json> (referer: None)
2018-01-26 19:57:53 [scrapy.core.engine] DEBUG: Crawled (200) <GET http://56070.la/json/ffc.json> (referer: http://56070.la/json/ffc.json)
2018-01-26 19:58:00 [scrapy.core.engine] DEBUG: Crawled (200) <GET http://56070.la/json/ffc_h2zx.json> (referer: http://56070.la/json/ffc_h2zx.json)
2018-01-26 19:58:07 [scrapy.core.engine] DEBUG: Crawled (200) <GET http://56070.la/json/ffc_h3zx.json> (referer: http://56070.la/json/ffc_h3zx.json)
2018-01-26 19:58:13 [scrapy.core.engine] DEBUG: Crawled (200) <GET http://56070.la/json/ffc_h3z6.json> (referer: http://56070.la/json/ffc_h3z6.json)
2018-01-26 19:58:20 [scrapy.core.engine] DEBUG: Crawled (200) <GET http://56070.la/json/ffc.json> (referer: http://56070.la/json/ffc.json)
2018-01-26 19:58:27 [scrapy.extensions.logstats] INFO: Crawled 9 pages (at 9 pages/min), scraped 0 items (at 0 items/min)
2018-01-26 19:58:27 [scrapy.core.engine] DEBUG: Crawled (200) <GET http://56070.la/json/ffc_h2zx.json> (referer: http://56070.la/json/ffc_h2zx.json)
2018-01-26 19:58:34 [scrapy.core.engine] DEBUG: Crawled (200) <GET http://56070.la/json/ffc_h3zx.json> (referer: http://56070.la/json/ffc_h3zx.json)
2018-01-26 19:58:41 [scrapy.core.engine] DEBUG: Crawled (200) <GET http://56070.la/json/ffc_h3z6.json> (referer: http://56070.la/json/ffc_h3z6.json)
2018-01-26 19:58:47 [scrapy.core.engine] DEBUG: Crawled (200) <GET http://56070.la/json/ffc.json> (referer: http://56070.la/json/ffc.json)
2018-01-26 19:58:54 [scrapy.core.engine] DEBUG: Crawled (200) <GET http://56070.la/json/ffc_h2zx.json> (referer: http://56070.la/json/ffc_h2zx.json)
2018-01-26 19:59:01 [scrapy.core.engine] DEBUG: Crawled (200) <GET http://56070.la/json/ffc_h3zx.json> (referer: http://56070.la/json/ffc_h3zx.json)
2018-01-26 19:59:08 [scrapy.core.engine] DEBUG: Crawled (200) <GET http://56070.la/json/ffc_h3z6.json> (referer: http://56070.la/json/ffc_h3z6.json)
2018-01-26 19:59:15 [scrapy.core.engine] DEBUG: Crawled (200) <GET http://56070.la/json/ffc.json> (referer: http://56070.la/json/ffc.json)
2018-01-26 19:59:22 [scrapy.core.engine] DEBUG: Crawled (200) <GET http://56070.la/json/ffc_h2zx.json> (referer: http://56070.la/json/ffc_h2zx.json)
2018-01-26 19:59:28 [scrapy.extensions.logstats] INFO: Crawled 18 pages (at 9 pages/min), scraped 0 items (at 0 items/min)
2018-01-26 19:59:28 [scrapy.core.engine] DEBUG: Crawled (200) <GET http://56070.la/json/ffc_h3zx.json> (referer: http://56070.la/json/ffc_h3zx.json)
2018-01-26 19:59:35 [scrapy.core.engine] DEBUG: Crawled (200) <GET http://56070.la/json/ffc_h3z6.json> (referer: http://56070.la/json/ffc_h3z6.json)
2018-01-26 19:59:42 [scrapy.core.engine] DEBUG: Crawled (200) <GET http://56070.la/json/ffc.json> (referer: http://56070.la/json/ffc.json)
2018-01-26 19:59:49 [scrapy.core.engine] DEBUG: Crawled (200) <GET http://56070.la/json/ffc_h2zx.json> (referer: http://56070.la/json/ffc_h2zx.json)
2018-01-26 19:59:56 [scrapy.core.engine] DEBUG: Crawled (200) <GET http://56070.la/json/ffc_h3zx.json> (referer: http://56070.la/json/ffc_h3zx.json)
2018-01-26 20:00:02 [scrapy.core.engine] DEBUG: Crawled (200) <GET http://56070.la/json/ffc_h3z6.json> (referer: http://56070.la/json/ffc_h3z6.json)
2018-01-26 20:00:09 [scrapy.core.engine] DEBUG: Crawled (200) <GET http://56070.la/json/ffc.json> (referer: http://56070.la/json/ffc.json)
2018-01-26 20:00:16 [scrapy.core.engine] DEBUG: Crawled (200) <GET http://56070.la/json/ffc_h2zx.json> (referer: http://56070.la/json/ffc_h2zx.json)
2018-01-26 20:00:23 [scrapy.core.engine] DEBUG: Crawled (200) <GET http://56070.la/json/ffc_h3zx.json> (referer: http://56070.la/json/ffc_h3zx.json)
2018-01-26 20:00:30 [scrapy.extensions.logstats] INFO: Crawled 27 pages (at 9 pages/min), scraped 0 items (at 0 items/min)
2018-01-26 20:00:30 [scrapy.core.engine] DEBUG: Crawled (200) <GET http://56070.la/json/ffc_h3z6.json> (referer: http://56070.la/json/ffc_h3z6.json)
2018-01-26 20:00:37 [scrapy.core.engine] DEBUG: Crawled (200) <GET http://56070.la/json/ffc.json> (referer: http://56070.la/json/ffc.json)
2018-01-26 20:00:43 [scrapy.core.engine] DEBUG: Crawled (200) <GET http://56070.la/json/ffc_h2zx.json> (referer: http://56070.la/json/ffc_h2zx.json)
2018-01-26 20:00:50 [scrapy.core.engine] DEBUG: Crawled (200) <GET http://56070.la/json/ffc_h3zx.json> (referer: http://56070.la/json/ffc_h3zx.json)
2018-01-26 20:00:57 [scrapy.core.engine] DEBUG: Crawled (200) <GET http://56070.la/json/ffc_h3z6.json> (referer: http://56070.la/json/ffc_h3z6.json)
2018-01-26 20:01:04 [scrapy.core.engine] DEBUG: Crawled (200) <GET http://56070.la/json/ffc.json> (referer: http://56070.la/json/ffc.json)
2018-01-26 20:01:11 [scrapy.core.engine] DEBUG: Crawled (200) <GET http://56070.la/json/ffc_h2zx.json> (referer: http://56070.la/json/ffc_h2zx.json)
2018-01-26 20:01:17 [scrapy.core.engine] DEBUG: Crawled (200) <GET http://56070.la/json/ffc_h3zx.json> (referer: http://56070.la/json/ffc_h3zx.json)
2018-01-26 20:01:24 [scrapy.core.engine] DEBUG: Crawled (200) <GET http://56070.la/json/ffc_h3z6.json> (referer: http://56070.la/json/ffc_h3z6.json)
2018-01-26 20:01:31 [scrapy.extensions.logstats] INFO: Crawled 36 pages (at 9 pages/min), scraped 0 items (at 0 items/min)
2018-01-26 20:01:31 [scrapy.core.engine] DEBUG: Crawled (200) <GET http://56070.la/json/ffc.json> (referer: http://56070.la/json/ffc.json)
2018-01-26 20:01:38 [scrapy.core.engine] DEBUG: Crawled (200) <GET http://56070.la/json/ffc_h2zx.json> (referer: http://56070.la/json/ffc_h2zx.json)
2018-01-26 20:01:45 [scrapy.core.engine] DEBUG: Crawled (200) <GET http://56070.la/json/ffc_h3zx.json> (referer: http://56070.la/json/ffc_h3zx.json)
2018-01-26 20:01:52 [scrapy.core.engine] DEBUG: Crawled (200) <GET http://56070.la/json/ffc_h3z6.json> (referer: http://56070.la/json/ffc_h3z6.json)
2018-01-26 20:01:58 [scrapy.core.engine] DEBUG: Crawled (200) <GET http://56070.la/json/ffc.json> (referer: http://56070.la/json/ffc.json)
2018-01-26 20:02:05 [scrapy.core.engine] DEBUG: Crawled (200) <GET http://56070.la/json/ffc_h2zx.json> (referer: http://56070.la/json/ffc_h2zx.json)
2018-01-26 20:02:12 [scrapy.core.engine] DEBUG: Crawled (200) <GET http://56070.la/json/ffc_h3zx.json> (referer: http://56070.la/json/ffc_h3zx.json)
2018-01-26 20:02:19 [scrapy.core.engine] DEBUG: Crawled (200) <GET http://56070.la/json/ffc_h3z6.json> (referer: http://56070.la/json/ffc_h3z6.json)
2018-01-26 20:02:26 [scrapy.extensions.logstats] INFO: Crawled 44 pages (at 8 pages/min), scraped 0 items (at 0 items/min)
2018-01-26 20:02:26 [scrapy.core.engine] DEBUG: Crawled (200) <GET http://56070.la/json/ffc.json> (referer: http://56070.la/json/ffc.json)
2018-01-26 20:02:32 [scrapy.core.engine] DEBUG: Crawled (200) <GET http://56070.la/json/ffc_h2zx.json> (referer: http://56070.la/json/ffc_h2zx.json)
2018-01-26 20:02:39 [scrapy.core.engine] DEBUG: Crawled (200) <GET http://56070.la/json/ffc_h3zx.json> (referer: http://56070.la/json/ffc_h3zx.json)
2018-01-26 20:02:46 [scrapy.core.engine] DEBUG: Crawled (200) <GET http://56070.la/json/ffc_h3z6.json> (referer: http://56070.la/json/ffc_h3z6.json)
2018-01-26 20:02:53 [scrapy.core.engine] DEBUG: Crawled (200) <GET http://56070.la/json/ffc.json> (referer: http://56070.la/json/ffc.json)
2018-01-26 20:03:00 [scrapy.core.engine] DEBUG: Crawled (200) <GET http://56070.la/json/ffc_h2zx.json> (referer: http://56070.la/json/ffc_h2zx.json)
2018-01-26 20:03:07 [scrapy.core.engine] DEBUG: Crawled (200) <GET http://56070.la/json/ffc_h3zx.json> (referer: http://56070.la/json/ffc_h3zx.json)
2018-01-26 20:03:13 [scrapy.core.engine] DEBUG: Crawled (200) <GET http://56070.la/json/ffc_h3z6.json> (referer: http://56070.la/json/ffc_h3z6.json)
2018-01-26 20:03:20 [scrapy.core.engine] DEBUG: Crawled (200) <GET http://56070.la/json/ffc.json> (referer: http://56070.la/json/ffc.json)
2018-01-26 20:03:27 [scrapy.extensions.logstats] INFO: Crawled 53 pages (at 9 pages/min), scraped 0 items (at 0 items/min)
2018-01-26 20:03:27 [scrapy.core.engine] DEBUG: Crawled (200) <GET http://56070.la/json/ffc_h2zx.json> (referer: http://56070.la/json/ffc_h2zx.json)
2018-01-26 20:03:34 [scrapy.core.engine] DEBUG: Crawled (200) <GET http://56070.la/json/ffc_h3zx.json> (referer: http://56070.la/json/ffc_h3zx.json)
2018-01-26 20:03:41 [scrapy.core.engine] DEBUG: Crawled (200) <GET http://56070.la/json/ffc_h3z6.json> (referer: http://56070.la/json/ffc_h3z6.json)
2018-01-26 20:03:47 [scrapy.core.engine] DEBUG: Crawled (200) <GET http://56070.la/json/ffc.json> (referer: http://56070.la/json/ffc.json)
2018-01-26 20:03:54 [scrapy.core.engine] DEBUG: Crawled (200) <GET http://56070.la/json/ffc_h2zx.json> (referer: http://56070.la/json/ffc_h2zx.json)
2018-01-26 20:04:01 [scrapy.core.engine] DEBUG: Crawled (200) <GET http://56070.la/json/ffc_h3zx.json> (referer: http://56070.la/json/ffc_h3zx.json)
2018-01-26 20:04:08 [scrapy.core.engine] DEBUG: Crawled (200) <GET http://56070.la/json/ffc_h3z6.json> (referer: http://56070.la/json/ffc_h3z6.json)
2018-01-26 20:04:15 [scrapy.core.engine] DEBUG: Crawled (200) <GET http://56070.la/json/ffc.json> (referer: http://56070.la/json/ffc.json)
2018-01-26 20:04:22 [scrapy.core.engine] DEBUG: Crawled (200) <GET http://56070.la/json/ffc_h2zx.json> (referer: http://56070.la/json/ffc_h2zx.json)
2018-01-26 20:04:28 [scrapy.extensions.logstats] INFO: Crawled 62 pages (at 9 pages/min), scraped 0 items (at 0 items/min)
2018-01-26 20:04:28 [scrapy.core.engine] DEBUG: Crawled (200) <GET http://56070.la/json/ffc_h3zx.json> (referer: http://56070.la/json/ffc_h3zx.json)
2018-01-26 20:04:35 [scrapy.core.engine] DEBUG: Crawled (200) <GET http://56070.la/json/ffc_h3z6.json> (referer: http://56070.la/json/ffc_h3z6.json)
2018-01-26 20:04:42 [scrapy.core.engine] DEBUG: Crawled (200) <GET http://56070.la/json/ffc.json> (referer: http://56070.la/json/ffc.json)
2018-01-26 20:04:49 [scrapy.core.engine] DEBUG: Crawled (200) <GET http://56070.la/json/ffc_h2zx.json> (referer: http://56070.la/json/ffc_h2zx.json)
2018-01-26 20:04:56 [scrapy.core.engine] DEBUG: Crawled (200) <GET http://56070.la/json/ffc_h3zx.json> (referer: http://56070.la/json/ffc_h3zx.json)
2018-01-26 20:05:02 [scrapy.core.engine] DEBUG: Crawled (200) <GET http://56070.la/json/ffc_h3z6.json> (referer: http://56070.la/json/ffc_h3z6.json)
2018-01-26 20:05:09 [scrapy.core.engine] DEBUG: Crawled (200) <GET http://56070.la/json/ffc.json> (referer: http://56070.la/json/ffc.json)
2018-01-26 20:05:16 [scrapy.core.engine] DEBUG: Crawled (200) <GET http://56070.la/json/ffc_h2zx.json> (referer: http://56070.la/json/ffc_h2zx.json)
2018-01-26 20:05:23 [scrapy.core.engine] DEBUG: Crawled (200) <GET http://56070.la/json/ffc_h3zx.json> (referer: http://56070.la/json/ffc_h3zx.json)
2018-01-26 20:05:30 [scrapy.extensions.logstats] INFO: Crawled 71 pages (at 9 pages/min), scraped 0 items (at 0 items/min)
2018-01-26 20:05:30 [scrapy.core.engine] DEBUG: Crawled (200) <GET http://56070.la/json/ffc_h3z6.json> (referer: http://56070.la/json/ffc_h3z6.json)
2018-01-26 20:05:36 [scrapy.core.engine] DEBUG: Crawled (200) <GET http://56070.la/json/ffc.json> (referer: http://56070.la/json/ffc.json)
2018-01-26 20:05:43 [scrapy.core.engine] DEBUG: Crawled (200) <GET http://56070.la/json/ffc_h2zx.json> (referer: http://56070.la/json/ffc_h2zx.json)
2018-01-26 20:05:50 [scrapy.core.engine] DEBUG: Crawled (200) <GET http://56070.la/json/ffc_h3zx.json> (referer: http://56070.la/json/ffc_h3zx.json)
2018-01-26 20:05:57 [scrapy.core.engine] DEBUG: Crawled (200) <GET http://56070.la/json/ffc_h3z6.json> (referer: http://56070.la/json/ffc_h3z6.json)
2018-01-26 20:06:04 [scrapy.core.engine] DEBUG: Crawled (200) <GET http://56070.la/json/ffc.json> (referer: http://56070.la/json/ffc.json)
2018-01-26 20:06:11 [scrapy.core.engine] DEBUG: Crawled (200) <GET http://56070.la/json/ffc_h2zx.json> (referer: http://56070.la/json/ffc_h2zx.json)
2018-01-26 20:06:17 [scrapy.core.engine] DEBUG: Crawled (200) <GET http://56070.la/json/ffc_h3zx.json> (referer: http://56070.la/json/ffc_h3zx.json)
2018-01-26 20:06:24 [scrapy.core.engine] DEBUG: Crawled (200) <GET http://56070.la/json/ffc_h3z6.json> (referer: http://56070.la/json/ffc_h3z6.json)
2018-01-26 20:06:31 [scrapy.extensions.logstats] INFO: Crawled 80 pages (at 9 pages/min), scraped 0 items (at 0 items/min)
2018-01-26 20:06:31 [scrapy.core.engine] DEBUG: Crawled (200) <GET http://56070.la/json/ffc.json> (referer: http://56070.la/json/ffc.json)
2018-01-26 20:06:38 [scrapy.core.engine] DEBUG: Crawled (200) <GET http://56070.la/json/ffc_h2zx.json> (referer: http://56070.la/json/ffc_h2zx.json)
2018-01-26 20:06:45 [scrapy.core.engine] DEBUG: Crawled (200) <GET http://56070.la/json/ffc_h3zx.json> (referer: http://56070.la/json/ffc_h3zx.json)
2018-01-26 20:06:51 [scrapy.core.engine] DEBUG: Crawled (200) <GET http://56070.la/json/ffc_h3z6.json> (referer: http://56070.la/json/ffc_h3z6.json)
2018-01-26 20:06:58 [scrapy.core.engine] DEBUG: Crawled (200) <GET http://56070.la/json/ffc.json> (referer: http://56070.la/json/ffc.json)
2018-01-26 20:07:05 [scrapy.core.engine] DEBUG: Crawled (200) <GET http://56070.la/json/ffc_h2zx.json> (referer: http://56070.la/json/ffc_h2zx.json)
2018-01-26 20:07:12 [scrapy.core.engine] DEBUG: Crawled (200) <GET http://56070.la/json/ffc_h3zx.json> (referer: http://56070.la/json/ffc_h3zx.json)
2018-01-26 20:07:19 [scrapy.core.engine] DEBUG: Crawled (200) <GET http://56070.la/json/ffc_h3z6.json> (referer: http://56070.la/json/ffc_h3z6.json)
2018-01-26 20:07:26 [scrapy.extensions.logstats] INFO: Crawled 88 pages (at 8 pages/min), scraped 0 items (at 0 items/min)
2018-01-26 20:07:26 [scrapy.core.engine] DEBUG: Crawled (200) <GET http://56070.la/json/ffc.json> (referer: http://56070.la/json/ffc.json)
2018-01-26 20:07:32 [scrapy.core.engine] DEBUG: Crawled (200) <GET http://56070.la/json/ffc_h2zx.json> (referer: http://56070.la/json/ffc_h2zx.json)
2018-01-26 20:07:39 [scrapy.core.engine] DEBUG: Crawled (200) <GET http://56070.la/json/ffc_h3zx.json> (referer: http://56070.la/json/ffc_h3zx.json)
2018-01-26 20:07:46 [scrapy.core.engine] DEBUG: Crawled (200) <GET http://56070.la/json/ffc_h3z6.json> (referer: http://56070.la/json/ffc_h3z6.json)
2018-01-26 20:07:53 [scrapy.core.engine] DEBUG: Crawled (200) <GET http://56070.la/json/ffc.json> (referer: http://56070.la/json/ffc.json)
2018-01-26 20:08:00 [scrapy.core.engine] DEBUG: Crawled (200) <GET http://56070.la/json/ffc_h2zx.json> (referer: http://56070.la/json/ffc_h2zx.json)
2018-01-26 20:08:06 [scrapy.core.engine] DEBUG: Crawled (200) <GET http://56070.la/json/ffc_h3zx.json> (referer: http://56070.la/json/ffc_h3zx.json)
2018-01-26 20:08:13 [scrapy.core.engine] DEBUG: Crawled (200) <GET http://56070.la/json/ffc_h3z6.json> (referer: http://56070.la/json/ffc_h3z6.json)
2018-01-26 20:08:20 [scrapy.core.engine] DEBUG: Crawled (200) <GET http://56070.la/json/ffc.json> (referer: http://56070.la/json/ffc.json)
2018-01-26 20:08:27 [scrapy.extensions.logstats] INFO: Crawled 97 pages (at 9 pages/min), scraped 0 items (at 0 items/min)
2018-01-26 20:08:27 [scrapy.core.engine] DEBUG: Crawled (200) <GET http://56070.la/json/ffc_h2zx.json> (referer: http://56070.la/json/ffc_h2zx.json)
2018-01-26 20:08:34 [scrapy.core.engine] DEBUG: Crawled (200) <GET http://56070.la/json/ffc_h3zx.json> (referer: http://56070.la/json/ffc_h3zx.json)
2018-01-26 20:08:41 [scrapy.core.engine] DEBUG: Crawled (200) <GET http://56070.la/json/ffc_h3z6.json> (referer: http://56070.la/json/ffc_h3z6.json)
2018-01-26 20:08:47 [scrapy.core.engine] DEBUG: Crawled (200) <GET http://56070.la/json/ffc.json> (referer: http://56070.la/json/ffc.json)
2018-01-26 20:08:54 [scrapy.core.engine] DEBUG: Crawled (200) <GET http://56070.la/json/ffc_h2zx.json> (referer: http://56070.la/json/ffc_h2zx.json)
2018-01-26 20:09:01 [scrapy.core.engine] DEBUG: Crawled (200) <GET http://56070.la/json/ffc_h3zx.json> (referer: http://56070.la/json/ffc_h3zx.json)
2018-01-26 20:09:08 [scrapy.core.engine] DEBUG: Crawled (200) <GET http://56070.la/json/ffc_h3z6.json> (referer: http://56070.la/json/ffc_h3z6.json)
2018-01-26 20:09:15 [scrapy.core.engine] DEBUG: Crawled (200) <GET http://56070.la/json/ffc.json> (referer: http://56070.la/json/ffc.json)
2018-01-26 20:09:22 [scrapy.core.engine] DEBUG: Crawled (200) <GET http://56070.la/json/ffc_h2zx.json> (referer: http://56070.la/json/ffc_h2zx.json)
2018-01-26 20:09:28 [scrapy.extensions.logstats] INFO: Crawled 106 pages (at 9 pages/min), scraped 0 items (at 0 items/min)
2018-01-26 20:09:28 [scrapy.core.engine] DEBUG: Crawled (200) <GET http://56070.la/json/ffc_h3zx.json> (referer: http://56070.la/json/ffc_h3zx.json)
2018-01-26 20:09:35 [scrapy.core.engine] DEBUG: Crawled (200) <GET http://56070.la/json/ffc_h3z6.json> (referer: http://56070.la/json/ffc_h3z6.json)
2018-01-26 20:09:42 [scrapy.core.engine] DEBUG: Crawled (200) <GET http://56070.la/json/ffc.json> (referer: http://56070.la/json/ffc.json)
2018-01-26 20:09:49 [scrapy.core.engine] DEBUG: Crawled (200) <GET http://56070.la/json/ffc_h2zx.json> (referer: http://56070.la/json/ffc_h2zx.json)
2018-01-26 20:09:56 [scrapy.core.engine] DEBUG: Crawled (200) <GET http://56070.la/json/ffc_h3zx.json> (referer: http://56070.la/json/ffc_h3zx.json)
2018-01-26 20:10:02 [scrapy.core.engine] DEBUG: Crawled (200) <GET http://56070.la/json/ffc_h3z6.json> (referer: http://56070.la/json/ffc_h3z6.json)
2018-01-26 20:10:09 [scrapy.core.engine] DEBUG: Crawled (200) <GET http://56070.la/json/ffc.json> (referer: http://56070.la/json/ffc.json)
2018-01-26 20:10:16 [scrapy.core.engine] DEBUG: Crawled (200) <GET http://56070.la/json/ffc_h2zx.json> (referer: http://56070.la/json/ffc_h2zx.json)
2018-01-26 20:10:23 [scrapy.core.engine] DEBUG: Crawled (200) <GET http://56070.la/json/ffc_h3zx.json> (referer: http://56070.la/json/ffc_h3zx.json)
2018-01-26 20:10:30 [scrapy.extensions.logstats] INFO: Crawled 115 pages (at 9 pages/min), scraped 0 items (at 0 items/min)
2018-01-26 20:10:30 [scrapy.core.engine] DEBUG: Crawled (200) <GET http://56070.la/json/ffc_h3z6.json> (referer: http://56070.la/json/ffc_h3z6.json)
2018-01-26 20:10:36 [scrapy.core.engine] DEBUG: Crawled (200) <GET http://56070.la/json/ffc.json> (referer: http://56070.la/json/ffc.json)
2018-01-26 20:10:43 [scrapy.core.engine] DEBUG: Crawled (200) <GET http://56070.la/json/ffc_h2zx.json> (referer: http://56070.la/json/ffc_h2zx.json)
2018-01-26 20:10:50 [scrapy.core.engine] DEBUG: Crawled (200) <GET http://56070.la/json/ffc_h3zx.json> (referer: http://56070.la/json/ffc_h3zx.json)
2018-01-26 20:10:57 [scrapy.core.engine] DEBUG: Crawled (200) <GET http://56070.la/json/ffc_h3z6.json> (referer: http://56070.la/json/ffc_h3z6.json)
2018-01-26 20:11:04 [scrapy.core.engine] DEBUG: Crawled (200) <GET http://56070.la/json/ffc.json> (referer: http://56070.la/json/ffc.json)
2018-01-26 20:11:11 [scrapy.core.engine] DEBUG: Crawled (200) <GET http://56070.la/json/ffc_h2zx.json> (referer: http://56070.la/json/ffc_h2zx.json)
2018-01-26 20:11:17 [scrapy.core.engine] DEBUG: Crawled (200) <GET http://56070.la/json/ffc_h3zx.json> (referer: http://56070.la/json/ffc_h3zx.json)
2018-01-26 20:11:24 [scrapy.core.engine] DEBUG: Crawled (200) <GET http://56070.la/json/ffc_h3z6.json> (referer: http://56070.la/json/ffc_h3z6.json)
2018-01-26 20:11:31 [scrapy.extensions.logstats] INFO: Crawled 124 pages (at 9 pages/min), scraped 0 items (at 0 items/min)
2018-01-26 20:11:31 [scrapy.core.engine] DEBUG: Crawled (200) <GET http://56070.la/json/ffc.json> (referer: http://56070.la/json/ffc.json)
2018-01-26 20:11:38 [scrapy.core.engine] DEBUG: Crawled (200) <GET http://56070.la/json/ffc_h2zx.json> (referer: http://56070.la/json/ffc_h2zx.json)
2018-01-26 20:11:45 [scrapy.core.engine] DEBUG: Crawled (200) <GET http://56070.la/json/ffc_h3zx.json> (referer: http://56070.la/json/ffc_h3zx.json)
2018-01-26 20:11:51 [scrapy.core.engine] DEBUG: Crawled (200) <GET http://56070.la/json/ffc_h3z6.json> (referer: http://56070.la/json/ffc_h3z6.json)
