2018-01-26 20:00:15 [scrapy.utils.log] INFO: Scrapy 1.4.0 started (bot: cp_plan)
2018-01-26 20:00:15 [scrapy.utils.log] INFO: Overridden settings: {'BOT_NAME': 'cp_plan', 'DOWNLOAD_DELAY': 1.5, 'FEED_EXPORT_ENCODING': 'utf-8', 'LOG_FILE': 'logs\\cp_plan\\ffc\\7017b652029011e88c0f089e01bd501c.log', 'NEWSPIDER_MODULE': 'cp_plan.spiders', 'SPIDER_MODULES': ['cp_plan.spiders']}
2018-01-26 20:00:15 [scrapy.middleware] INFO: Enabled extensions:
['scrapy.extensions.corestats.CoreStats',
 'scrapy.extensions.telnet.TelnetConsole',
 'scrapy.extensions.logstats.LogStats']
2018-01-26 20:00:15 [scrapy.middleware] INFO: Enabled downloader middlewares:
['scrapy.downloadermiddlewares.httpauth.HttpAuthMiddleware',
 'scrapy.downloadermiddlewares.downloadtimeout.DownloadTimeoutMiddleware',
 'scrapy.downloadermiddlewares.defaultheaders.DefaultHeadersMiddleware',
 'scrapy.downloadermiddlewares.useragent.UserAgentMiddleware',
 'cp_plan.middlewares.RandomUserAgent',
 'scrapy.downloadermiddlewares.retry.RetryMiddleware',
 'scrapy.downloadermiddlewares.redirect.MetaRefreshMiddleware',
 'scrapy.downloadermiddlewares.httpcompression.HttpCompressionMiddleware',
 'scrapy.downloadermiddlewares.redirect.RedirectMiddleware',
 'scrapy.downloadermiddlewares.cookies.CookiesMiddleware',
 'scrapy.downloadermiddlewares.httpproxy.HttpProxyMiddleware',
 'scrapy.downloadermiddlewares.stats.DownloaderStats']
2018-01-26 20:00:15 [scrapy.middleware] INFO: Enabled spider middlewares:
['scrapy.spidermiddlewares.httperror.HttpErrorMiddleware',
 'scrapy.spidermiddlewares.offsite.OffsiteMiddleware',
 'scrapy.spidermiddlewares.referer.RefererMiddleware',
 'scrapy.spidermiddlewares.urllength.UrlLengthMiddleware',
 'scrapy.spidermiddlewares.depth.DepthMiddleware']
2018-01-26 20:00:15 [scrapy.middleware] INFO: Enabled item pipelines:
['cp_plan.pipelines.CpPlanPipeline']
2018-01-26 20:00:15 [scrapy.core.engine] INFO: Spider opened
2018-01-26 20:00:15 [scrapy.extensions.logstats] INFO: Crawled 0 pages (at 0 pages/min), scraped 0 items (at 0 items/min)
2018-01-26 20:00:15 [scrapy.extensions.telnet] DEBUG: Telnet console listening on 127.0.0.1:6029
2018-01-26 20:00:16 [scrapy.core.engine] DEBUG: Crawled (200) <GET http://56070.la/json/ffc.json> (referer: None)
2018-01-26 20:00:22 [scrapy.core.engine] DEBUG: Crawled (200) <GET http://56070.la/json/ffc_h2zx.json> (referer: None)
2018-01-26 20:00:29 [scrapy.core.engine] DEBUG: Crawled (200) <GET http://56070.la/json/ffc_h3zx.json> (referer: None)
2018-01-26 20:00:36 [scrapy.core.engine] DEBUG: Crawled (200) <GET http://56070.la/json/ffc_h3z6.json> (referer: None)
2018-01-26 20:00:43 [scrapy.core.engine] DEBUG: Crawled (200) <GET http://56070.la/json/ffc.json> (referer: http://56070.la/json/ffc.json)
2018-01-26 20:00:50 [scrapy.core.engine] DEBUG: Crawled (200) <GET http://56070.la/json/ffc_h2zx.json> (referer: http://56070.la/json/ffc_h2zx.json)
2018-01-26 20:00:56 [scrapy.core.engine] DEBUG: Crawled (200) <GET http://56070.la/json/ffc_h3zx.json> (referer: http://56070.la/json/ffc_h3zx.json)
2018-01-26 20:01:03 [scrapy.core.engine] DEBUG: Crawled (200) <GET http://56070.la/json/ffc_h3z6.json> (referer: http://56070.la/json/ffc_h3z6.json)
2018-01-26 20:01:10 [scrapy.core.engine] DEBUG: Crawled (200) <GET http://56070.la/json/ffc.json> (referer: http://56070.la/json/ffc.json)
2018-01-26 20:01:17 [scrapy.extensions.logstats] INFO: Crawled 9 pages (at 9 pages/min), scraped 0 items (at 0 items/min)
2018-01-26 20:01:17 [scrapy.core.engine] DEBUG: Crawled (200) <GET http://56070.la/json/ffc_h2zx.json> (referer: http://56070.la/json/ffc_h2zx.json)
2018-01-26 20:01:24 [scrapy.core.engine] DEBUG: Crawled (200) <GET http://56070.la/json/ffc_h3zx.json> (referer: http://56070.la/json/ffc_h3zx.json)
2018-01-26 20:01:31 [scrapy.core.engine] DEBUG: Crawled (200) <GET http://56070.la/json/ffc_h3z6.json> (referer: http://56070.la/json/ffc_h3z6.json)
2018-01-26 20:01:37 [scrapy.core.engine] DEBUG: Crawled (200) <GET http://56070.la/json/ffc.json> (referer: http://56070.la/json/ffc.json)
2018-01-26 20:01:44 [scrapy.core.engine] DEBUG: Crawled (200) <GET http://56070.la/json/ffc_h2zx.json> (referer: http://56070.la/json/ffc_h2zx.json)
2018-01-26 20:01:51 [scrapy.core.engine] DEBUG: Crawled (200) <GET http://56070.la/json/ffc_h3zx.json> (referer: http://56070.la/json/ffc_h3zx.json)
2018-01-26 20:01:58 [scrapy.core.engine] DEBUG: Crawled (200) <GET http://56070.la/json/ffc_h3z6.json> (referer: http://56070.la/json/ffc_h3z6.json)
2018-01-26 20:02:05 [scrapy.core.engine] DEBUG: Crawled (200) <GET http://56070.la/json/ffc.json> (referer: http://56070.la/json/ffc.json)
2018-01-26 20:02:11 [scrapy.core.engine] DEBUG: Crawled (200) <GET http://56070.la/json/ffc_h2zx.json> (referer: http://56070.la/json/ffc_h2zx.json)
2018-01-26 20:02:18 [scrapy.extensions.logstats] INFO: Crawled 18 pages (at 9 pages/min), scraped 0 items (at 0 items/min)
2018-01-26 20:02:18 [scrapy.core.engine] DEBUG: Crawled (200) <GET http://56070.la/json/ffc_h3zx.json> (referer: http://56070.la/json/ffc_h3zx.json)
2018-01-26 20:02:25 [scrapy.core.engine] DEBUG: Crawled (200) <GET http://56070.la/json/ffc_h3z6.json> (referer: http://56070.la/json/ffc_h3z6.json)
2018-01-26 20:02:32 [scrapy.core.engine] DEBUG: Crawled (200) <GET http://56070.la/json/ffc.json> (referer: http://56070.la/json/ffc.json)
2018-01-26 20:02:39 [scrapy.core.engine] DEBUG: Crawled (200) <GET http://56070.la/json/ffc_h2zx.json> (referer: http://56070.la/json/ffc_h2zx.json)
2018-01-26 20:02:46 [scrapy.core.engine] DEBUG: Crawled (200) <GET http://56070.la/json/ffc_h3zx.json> (referer: http://56070.la/json/ffc_h3zx.json)
2018-01-26 20:02:52 [scrapy.core.engine] DEBUG: Crawled (200) <GET http://56070.la/json/ffc_h3z6.json> (referer: http://56070.la/json/ffc_h3z6.json)
2018-01-26 20:02:59 [scrapy.core.engine] DEBUG: Crawled (200) <GET http://56070.la/json/ffc.json> (referer: http://56070.la/json/ffc.json)
2018-01-26 20:03:06 [scrapy.core.engine] DEBUG: Crawled (200) <GET http://56070.la/json/ffc_h2zx.json> (referer: http://56070.la/json/ffc_h2zx.json)
2018-01-26 20:03:13 [scrapy.core.engine] DEBUG: Crawled (200) <GET http://56070.la/json/ffc_h3zx.json> (referer: http://56070.la/json/ffc_h3zx.json)
2018-01-26 20:03:20 [scrapy.extensions.logstats] INFO: Crawled 27 pages (at 9 pages/min), scraped 0 items (at 0 items/min)
2018-01-26 20:03:20 [scrapy.core.engine] DEBUG: Crawled (200) <GET http://56070.la/json/ffc_h3z6.json> (referer: http://56070.la/json/ffc_h3z6.json)
2018-01-26 20:03:26 [scrapy.core.engine] DEBUG: Crawled (200) <GET http://56070.la/json/ffc.json> (referer: http://56070.la/json/ffc.json)
2018-01-26 20:03:33 [scrapy.core.engine] DEBUG: Crawled (200) <GET http://56070.la/json/ffc_h2zx.json> (referer: http://56070.la/json/ffc_h2zx.json)
2018-01-26 20:03:40 [scrapy.core.engine] DEBUG: Crawled (200) <GET http://56070.la/json/ffc_h3zx.json> (referer: http://56070.la/json/ffc_h3zx.json)
2018-01-26 20:03:47 [scrapy.core.engine] DEBUG: Crawled (200) <GET http://56070.la/json/ffc_h3z6.json> (referer: http://56070.la/json/ffc_h3z6.json)
2018-01-26 20:03:54 [scrapy.core.engine] DEBUG: Crawled (200) <GET http://56070.la/json/ffc.json> (referer: http://56070.la/json/ffc.json)
2018-01-26 20:04:00 [scrapy.core.engine] DEBUG: Crawled (200) <GET http://56070.la/json/ffc_h2zx.json> (referer: http://56070.la/json/ffc_h2zx.json)
2018-01-26 20:04:07 [scrapy.core.engine] DEBUG: Crawled (200) <GET http://56070.la/json/ffc_h3zx.json> (referer: http://56070.la/json/ffc_h3zx.json)
2018-01-26 20:04:14 [scrapy.core.engine] DEBUG: Crawled (200) <GET http://56070.la/json/ffc_h3z6.json> (referer: http://56070.la/json/ffc_h3z6.json)
2018-01-26 20:04:21 [scrapy.extensions.logstats] INFO: Crawled 36 pages (at 9 pages/min), scraped 0 items (at 0 items/min)
2018-01-26 20:04:21 [scrapy.core.engine] DEBUG: Crawled (200) <GET http://56070.la/json/ffc.json> (referer: http://56070.la/json/ffc.json)
2018-01-26 20:04:28 [scrapy.core.engine] DEBUG: Crawled (200) <GET http://56070.la/json/ffc_h2zx.json> (referer: http://56070.la/json/ffc_h2zx.json)
2018-01-26 20:04:35 [scrapy.core.engine] DEBUG: Crawled (200) <GET http://56070.la/json/ffc_h3zx.json> (referer: http://56070.la/json/ffc_h3zx.json)
2018-01-26 20:04:41 [scrapy.core.engine] DEBUG: Crawled (200) <GET http://56070.la/json/ffc_h3z6.json> (referer: http://56070.la/json/ffc_h3z6.json)
2018-01-26 20:04:48 [scrapy.core.engine] DEBUG: Crawled (200) <GET http://56070.la/json/ffc.json> (referer: http://56070.la/json/ffc.json)
2018-01-26 20:04:55 [scrapy.core.engine] DEBUG: Crawled (200) <GET http://56070.la/json/ffc_h2zx.json> (referer: http://56070.la/json/ffc_h2zx.json)
2018-01-26 20:05:02 [scrapy.core.engine] DEBUG: Crawled (200) <GET http://56070.la/json/ffc_h3zx.json> (referer: http://56070.la/json/ffc_h3zx.json)
2018-01-26 20:05:09 [scrapy.core.engine] DEBUG: Crawled (200) <GET http://56070.la/json/ffc_h3z6.json> (referer: http://56070.la/json/ffc_h3z6.json)
2018-01-26 20:05:15 [scrapy.extensions.logstats] INFO: Crawled 44 pages (at 8 pages/min), scraped 0 items (at 0 items/min)
2018-01-26 20:05:15 [scrapy.core.engine] DEBUG: Crawled (200) <GET http://56070.la/json/ffc.json> (referer: http://56070.la/json/ffc.json)
2018-01-26 20:05:22 [scrapy.core.engine] DEBUG: Crawled (200) <GET http://56070.la/json/ffc_h2zx.json> (referer: http://56070.la/json/ffc_h2zx.json)
2018-01-26 20:05:29 [scrapy.core.engine] DEBUG: Crawled (200) <GET http://56070.la/json/ffc_h3zx.json> (referer: http://56070.la/json/ffc_h3zx.json)
2018-01-26 20:05:36 [scrapy.core.engine] DEBUG: Crawled (200) <GET http://56070.la/json/ffc_h3z6.json> (referer: http://56070.la/json/ffc_h3z6.json)
2018-01-26 20:05:43 [scrapy.core.engine] DEBUG: Crawled (200) <GET http://56070.la/json/ffc.json> (referer: http://56070.la/json/ffc.json)
2018-01-26 20:05:50 [scrapy.core.engine] DEBUG: Crawled (200) <GET http://56070.la/json/ffc_h2zx.json> (referer: http://56070.la/json/ffc_h2zx.json)
2018-01-26 20:05:56 [scrapy.core.engine] DEBUG: Crawled (200) <GET http://56070.la/json/ffc_h3zx.json> (referer: http://56070.la/json/ffc_h3zx.json)
2018-01-26 20:06:03 [scrapy.core.engine] DEBUG: Crawled (200) <GET http://56070.la/json/ffc_h3z6.json> (referer: http://56070.la/json/ffc_h3z6.json)
2018-01-26 20:06:10 [scrapy.core.engine] DEBUG: Crawled (200) <GET http://56070.la/json/ffc.json> (referer: http://56070.la/json/ffc.json)
2018-01-26 20:06:17 [scrapy.extensions.logstats] INFO: Crawled 53 pages (at 9 pages/min), scraped 0 items (at 0 items/min)
2018-01-26 20:06:17 [scrapy.core.engine] DEBUG: Crawled (200) <GET http://56070.la/json/ffc_h2zx.json> (referer: http://56070.la/json/ffc_h2zx.json)
2018-01-26 20:06:24 [scrapy.core.engine] DEBUG: Crawled (200) <GET http://56070.la/json/ffc_h3zx.json> (referer: http://56070.la/json/ffc_h3zx.json)
2018-01-26 20:06:30 [scrapy.core.engine] DEBUG: Crawled (200) <GET http://56070.la/json/ffc_h3z6.json> (referer: http://56070.la/json/ffc_h3z6.json)
2018-01-26 20:06:37 [scrapy.core.engine] DEBUG: Crawled (200) <GET http://56070.la/json/ffc.json> (referer: http://56070.la/json/ffc.json)
2018-01-26 20:06:44 [scrapy.core.engine] DEBUG: Crawled (200) <GET http://56070.la/json/ffc_h2zx.json> (referer: http://56070.la/json/ffc_h2zx.json)
2018-01-26 20:06:51 [scrapy.core.engine] DEBUG: Crawled (200) <GET http://56070.la/json/ffc_h3zx.json> (referer: http://56070.la/json/ffc_h3zx.json)
2018-01-26 20:06:58 [scrapy.core.engine] DEBUG: Crawled (200) <GET http://56070.la/json/ffc_h3z6.json> (referer: http://56070.la/json/ffc_h3z6.json)
2018-01-26 20:07:05 [scrapy.core.engine] DEBUG: Crawled (200) <GET http://56070.la/json/ffc.json> (referer: http://56070.la/json/ffc.json)
2018-01-26 20:07:11 [scrapy.core.engine] DEBUG: Crawled (200) <GET http://56070.la/json/ffc_h2zx.json> (referer: http://56070.la/json/ffc_h2zx.json)
2018-01-26 20:07:18 [scrapy.extensions.logstats] INFO: Crawled 62 pages (at 9 pages/min), scraped 0 items (at 0 items/min)
2018-01-26 20:07:18 [scrapy.core.engine] DEBUG: Crawled (200) <GET http://56070.la/json/ffc_h3zx.json> (referer: http://56070.la/json/ffc_h3zx.json)
2018-01-26 20:07:25 [scrapy.core.engine] DEBUG: Crawled (200) <GET http://56070.la/json/ffc_h3z6.json> (referer: http://56070.la/json/ffc_h3z6.json)
2018-01-26 20:07:32 [scrapy.core.engine] DEBUG: Crawled (200) <GET http://56070.la/json/ffc.json> (referer: http://56070.la/json/ffc.json)
2018-01-26 20:07:39 [scrapy.core.engine] DEBUG: Crawled (200) <GET http://56070.la/json/ffc_h2zx.json> (referer: http://56070.la/json/ffc_h2zx.json)
2018-01-26 20:07:45 [scrapy.core.engine] DEBUG: Crawled (200) <GET http://56070.la/json/ffc_h3zx.json> (referer: http://56070.la/json/ffc_h3zx.json)
2018-01-26 20:07:52 [scrapy.core.engine] DEBUG: Crawled (200) <GET http://56070.la/json/ffc_h3z6.json> (referer: http://56070.la/json/ffc_h3z6.json)
2018-01-26 20:07:59 [scrapy.core.engine] DEBUG: Crawled (200) <GET http://56070.la/json/ffc.json> (referer: http://56070.la/json/ffc.json)
2018-01-26 20:08:06 [scrapy.core.engine] DEBUG: Crawled (200) <GET http://56070.la/json/ffc_h2zx.json> (referer: http://56070.la/json/ffc_h2zx.json)
2018-01-26 20:08:13 [scrapy.core.engine] DEBUG: Crawled (200) <GET http://56070.la/json/ffc_h3zx.json> (referer: http://56070.la/json/ffc_h3zx.json)
2018-01-26 20:08:20 [scrapy.extensions.logstats] INFO: Crawled 71 pages (at 9 pages/min), scraped 0 items (at 0 items/min)
2018-01-26 20:08:20 [scrapy.core.engine] DEBUG: Crawled (200) <GET http://56070.la/json/ffc_h3z6.json> (referer: http://56070.la/json/ffc_h3z6.json)
2018-01-26 20:08:26 [scrapy.core.engine] DEBUG: Crawled (200) <GET http://56070.la/json/ffc.json> (referer: http://56070.la/json/ffc.json)
2018-01-26 20:08:33 [scrapy.core.engine] DEBUG: Crawled (200) <GET http://56070.la/json/ffc_h2zx.json> (referer: http://56070.la/json/ffc_h2zx.json)
2018-01-26 20:08:40 [scrapy.core.engine] DEBUG: Crawled (200) <GET http://56070.la/json/ffc_h3zx.json> (referer: http://56070.la/json/ffc_h3zx.json)
2018-01-26 20:08:47 [scrapy.core.engine] DEBUG: Crawled (200) <GET http://56070.la/json/ffc_h3z6.json> (referer: http://56070.la/json/ffc_h3z6.json)
2018-01-26 20:08:54 [scrapy.core.engine] DEBUG: Crawled (200) <GET http://56070.la/json/ffc.json> (referer: http://56070.la/json/ffc.json)
2018-01-26 20:09:00 [scrapy.core.engine] DEBUG: Crawled (200) <GET http://56070.la/json/ffc_h2zx.json> (referer: http://56070.la/json/ffc_h2zx.json)
2018-01-26 20:09:07 [scrapy.core.engine] DEBUG: Crawled (200) <GET http://56070.la/json/ffc_h3zx.json> (referer: http://56070.la/json/ffc_h3zx.json)
2018-01-26 20:09:14 [scrapy.core.engine] DEBUG: Crawled (200) <GET http://56070.la/json/ffc_h3z6.json> (referer: http://56070.la/json/ffc_h3z6.json)
2018-01-26 20:09:21 [scrapy.extensions.logstats] INFO: Crawled 80 pages (at 9 pages/min), scraped 0 items (at 0 items/min)
2018-01-26 20:09:21 [scrapy.core.engine] DEBUG: Crawled (200) <GET http://56070.la/json/ffc.json> (referer: http://56070.la/json/ffc.json)
2018-01-26 20:09:28 [scrapy.core.engine] DEBUG: Crawled (200) <GET http://56070.la/json/ffc_h2zx.json> (referer: http://56070.la/json/ffc_h2zx.json)
2018-01-26 20:09:35 [scrapy.core.engine] DEBUG: Crawled (200) <GET http://56070.la/json/ffc_h3zx.json> (referer: http://56070.la/json/ffc_h3zx.json)
2018-01-26 20:09:41 [scrapy.core.engine] DEBUG: Crawled (200) <GET http://56070.la/json/ffc_h3z6.json> (referer: http://56070.la/json/ffc_h3z6.json)
2018-01-26 20:09:48 [scrapy.core.engine] DEBUG: Crawled (200) <GET http://56070.la/json/ffc.json> (referer: http://56070.la/json/ffc.json)
2018-01-26 20:09:55 [scrapy.core.engine] DEBUG: Crawled (200) <GET http://56070.la/json/ffc_h2zx.json> (referer: http://56070.la/json/ffc_h2zx.json)
2018-01-26 20:10:02 [scrapy.core.engine] DEBUG: Crawled (200) <GET http://56070.la/json/ffc_h3zx.json> (referer: http://56070.la/json/ffc_h3zx.json)
2018-01-26 20:10:09 [scrapy.core.engine] DEBUG: Crawled (200) <GET http://56070.la/json/ffc_h3z6.json> (referer: http://56070.la/json/ffc_h3z6.json)
2018-01-26 20:10:15 [scrapy.extensions.logstats] INFO: Crawled 88 pages (at 8 pages/min), scraped 0 items (at 0 items/min)
2018-01-26 20:10:15 [scrapy.core.engine] DEBUG: Crawled (200) <GET http://56070.la/json/ffc.json> (referer: http://56070.la/json/ffc.json)
2018-01-26 20:10:22 [scrapy.core.engine] DEBUG: Crawled (200) <GET http://56070.la/json/ffc_h2zx.json> (referer: http://56070.la/json/ffc_h2zx.json)
2018-01-26 20:10:29 [scrapy.core.engine] DEBUG: Crawled (200) <GET http://56070.la/json/ffc_h3zx.json> (referer: http://56070.la/json/ffc_h3zx.json)
2018-01-26 20:10:36 [scrapy.core.engine] DEBUG: Crawled (200) <GET http://56070.la/json/ffc_h3z6.json> (referer: http://56070.la/json/ffc_h3z6.json)
2018-01-26 20:10:43 [scrapy.core.engine] DEBUG: Crawled (200) <GET http://56070.la/json/ffc.json> (referer: http://56070.la/json/ffc.json)
2018-01-26 20:10:50 [scrapy.core.engine] DEBUG: Crawled (200) <GET http://56070.la/json/ffc_h2zx.json> (referer: http://56070.la/json/ffc_h2zx.json)
2018-01-26 20:10:56 [scrapy.core.engine] DEBUG: Crawled (200) <GET http://56070.la/json/ffc_h3zx.json> (referer: http://56070.la/json/ffc_h3zx.json)
2018-01-26 20:11:03 [scrapy.core.engine] DEBUG: Crawled (200) <GET http://56070.la/json/ffc_h3z6.json> (referer: http://56070.la/json/ffc_h3z6.json)
2018-01-26 20:11:10 [scrapy.core.engine] DEBUG: Crawled (200) <GET http://56070.la/json/ffc.json> (referer: http://56070.la/json/ffc.json)
2018-01-26 20:11:17 [scrapy.extensions.logstats] INFO: Crawled 97 pages (at 9 pages/min), scraped 0 items (at 0 items/min)
2018-01-26 20:11:17 [scrapy.core.engine] DEBUG: Crawled (200) <GET http://56070.la/json/ffc_h2zx.json> (referer: http://56070.la/json/ffc_h2zx.json)
2018-01-26 20:11:24 [scrapy.core.engine] DEBUG: Crawled (200) <GET http://56070.la/json/ffc_h3zx.json> (referer: http://56070.la/json/ffc_h3zx.json)
2018-01-26 20:11:30 [scrapy.core.engine] DEBUG: Crawled (200) <GET http://56070.la/json/ffc_h3z6.json> (referer: http://56070.la/json/ffc_h3z6.json)
2018-01-26 20:11:37 [scrapy.core.engine] DEBUG: Crawled (200) <GET http://56070.la/json/ffc.json> (referer: http://56070.la/json/ffc.json)
2018-01-26 20:11:44 [scrapy.core.engine] DEBUG: Crawled (200) <GET http://56070.la/json/ffc_h2zx.json> (referer: http://56070.la/json/ffc_h2zx.json)
2018-01-26 20:11:51 [scrapy.core.engine] DEBUG: Crawled (200) <GET http://56070.la/json/ffc_h3zx.json> (referer: http://56070.la/json/ffc_h3zx.json)
