2018-01-26 19:56:06 [scrapy.utils.log] INFO: Scrapy 1.4.0 started (bot: cp_plan)
2018-01-26 19:56:06 [scrapy.utils.log] INFO: Overridden settings: {'BOT_NAME': 'cp_plan', 'DOWNLOAD_DELAY': 1.5, 'FEED_EXPORT_ENCODING': 'utf-8', 'LOG_FILE': 'logs\\cp_plan\\ffc\\e0d1fb68028f11e8a979089e01bd501c.log', 'NEWSPIDER_MODULE': 'cp_plan.spiders', 'SPIDER_MODULES': ['cp_plan.spiders']}
2018-01-26 19:56:06 [scrapy.middleware] INFO: Enabled extensions:
['scrapy.extensions.corestats.CoreStats',
 'scrapy.extensions.telnet.TelnetConsole',
 'scrapy.extensions.logstats.LogStats']
2018-01-26 19:56:06 [scrapy.middleware] INFO: Enabled downloader middlewares:
['scrapy.downloadermiddlewares.httpauth.HttpAuthMiddleware',
 'scrapy.downloadermiddlewares.downloadtimeout.DownloadTimeoutMiddleware',
 'scrapy.downloadermiddlewares.defaultheaders.DefaultHeadersMiddleware',
 'scrapy.downloadermiddlewares.useragent.UserAgentMiddleware',
 'cp_plan.middlewares.RandomUserAgent',
 'scrapy.downloadermiddlewares.retry.RetryMiddleware',
 'scrapy.downloadermiddlewares.redirect.MetaRefreshMiddleware',
 'scrapy.downloadermiddlewares.httpcompression.HttpCompressionMiddleware',
 'scrapy.downloadermiddlewares.redirect.RedirectMiddleware',
 'scrapy.downloadermiddlewares.cookies.CookiesMiddleware',
 'scrapy.downloadermiddlewares.httpproxy.HttpProxyMiddleware',
 'scrapy.downloadermiddlewares.stats.DownloaderStats']
2018-01-26 19:56:06 [scrapy.middleware] INFO: Enabled spider middlewares:
['scrapy.spidermiddlewares.httperror.HttpErrorMiddleware',
 'scrapy.spidermiddlewares.offsite.OffsiteMiddleware',
 'scrapy.spidermiddlewares.referer.RefererMiddleware',
 'scrapy.spidermiddlewares.urllength.UrlLengthMiddleware',
 'scrapy.spidermiddlewares.depth.DepthMiddleware']
2018-01-26 19:56:06 [scrapy.middleware] INFO: Enabled item pipelines:
['cp_plan.pipelines.CpPlanPipeline']
2018-01-26 19:56:06 [scrapy.core.engine] INFO: Spider opened
2018-01-26 19:56:06 [scrapy.extensions.logstats] INFO: Crawled 0 pages (at 0 pages/min), scraped 0 items (at 0 items/min)
2018-01-26 19:56:06 [scrapy.extensions.telnet] DEBUG: Telnet console listening on 127.0.0.1:6023
2018-01-26 19:56:06 [scrapy.core.engine] DEBUG: Crawled (200) <GET http://56070.la/json/ffc.json> (referer: None)
2018-01-26 19:56:13 [scrapy.core.engine] DEBUG: Crawled (200) <GET http://56070.la/json/ffc_h2zx.json> (referer: None)
2018-01-26 19:56:20 [scrapy.core.engine] DEBUG: Crawled (200) <GET http://56070.la/json/ffc_h3zx.json> (referer: None)
2018-01-26 19:56:27 [scrapy.core.engine] DEBUG: Crawled (200) <GET http://56070.la/json/ffc_h3z6.json> (referer: None)
2018-01-26 19:56:34 [scrapy.core.engine] DEBUG: Crawled (200) <GET http://56070.la/json/ffc.json> (referer: http://56070.la/json/ffc.json)
2018-01-26 19:56:40 [scrapy.core.engine] DEBUG: Crawled (200) <GET http://56070.la/json/ffc_h2zx.json> (referer: http://56070.la/json/ffc_h2zx.json)
2018-01-26 19:56:47 [scrapy.core.engine] DEBUG: Crawled (200) <GET http://56070.la/json/ffc_h3zx.json> (referer: http://56070.la/json/ffc_h3zx.json)
2018-01-26 19:56:54 [scrapy.core.engine] DEBUG: Crawled (200) <GET http://56070.la/json/ffc_h3z6.json> (referer: http://56070.la/json/ffc_h3z6.json)
2018-01-26 19:57:01 [scrapy.core.engine] DEBUG: Crawled (200) <GET http://56070.la/json/ffc.json> (referer: http://56070.la/json/ffc.json)
2018-01-26 19:57:08 [scrapy.extensions.logstats] INFO: Crawled 9 pages (at 9 pages/min), scraped 0 items (at 0 items/min)
2018-01-26 19:57:08 [scrapy.core.engine] DEBUG: Crawled (200) <GET http://56070.la/json/ffc_h2zx.json> (referer: http://56070.la/json/ffc_h2zx.json)
2018-01-26 19:57:15 [scrapy.core.engine] DEBUG: Crawled (200) <GET http://56070.la/json/ffc_h3zx.json> (referer: http://56070.la/json/ffc_h3zx.json)
2018-01-26 19:57:21 [scrapy.core.engine] DEBUG: Crawled (200) <GET http://56070.la/json/ffc_h3z6.json> (referer: http://56070.la/json/ffc_h3z6.json)
2018-01-26 19:57:28 [scrapy.core.engine] DEBUG: Crawled (200) <GET http://56070.la/json/ffc.json> (referer: http://56070.la/json/ffc.json)
2018-01-26 19:57:35 [scrapy.core.engine] DEBUG: Crawled (200) <GET http://56070.la/json/ffc_h2zx.json> (referer: http://56070.la/json/ffc_h2zx.json)
2018-01-26 19:57:42 [scrapy.core.engine] DEBUG: Crawled (200) <GET http://56070.la/json/ffc_h3zx.json> (referer: http://56070.la/json/ffc_h3zx.json)
2018-01-26 19:57:49 [scrapy.core.engine] DEBUG: Crawled (200) <GET http://56070.la/json/ffc_h3z6.json> (referer: http://56070.la/json/ffc_h3z6.json)
